2021-07-01 10:10:57,019 - c:\users\aarc8\documents\github\mdoairb\framework\Sizing\airplane_sizing_check     - INFO - ---- Start aircraft sizing module ----
202021-07-01 10:10:57,022 - c:\users\aarc8\documents\github\mdoairb\framework\Optimization\objective_function     - ERROR - >>>>>>>>>> Error at <<<<<<<<<<<< airplane_sizing
Traceback (most recent call last):
  File "c:\users\aarc82021-07-01 10:10:57,076 - c:\users\aarc8\documents\github\mdoairb\framework\Sizing\airplane_sizing_check     - INFO - ---- Start aircraft sizing module ----
2021-07-01 10:10:57,077 - c:\users\aarc8\documents\github\mdoairb\framework\Sizing\airplane_sizing_check     - INFO - Current individual vairables: [79, 89, 39, 25, -4, 26, 62, 18, 27, 1418, 15, 74, 5, 1225, 41000, 78, 1, 1, 1, 1]
2021-07-01 10:10:57,119 - c:\users\aarc8\documents\github\mdoairb\framework\Sizing\airplane_sizing_check     - INFO - ---- Start aircraft sizing module ----
2021-07-01 10:10:57,126 - c:\users\aarc8\documents\github\mdoairb\framework\Sizing\airplane_sizing_check     - INFO - Current individual vairables: [121, 79, 26, 26, -3, 36, 64, 12, 28, 1448, 16, 116, 6, 1375, 41000, 78, 1, 1, 1, 1]
2021-07-01 10:10:57,163 - c:\users\aarc8\documents\github\mdoairb\framework\Sizing\airplane_sizing_check     - INFO - ---- Start aircraft sizing module ----
2021-07-01 10:10:57,165 - c:\users\aarc8\documents\github\mdoairb\framework\Sizing\airplane_sizing_check     - INFO - Current individual vairables: [109, 84, 34, 29, -3, 38, 54, 16, 29, 1372, 20, 60, 4, 2425, 41000, 78, 1, 1, 1, 1]
2021-07-01 10:10:57,191 - c:\users\aarc8\documents\github\mdoairb\framework\Sizing\airplane_sizing_check     - INFO - ---- Start aircraft sizing module ----
2021-07-01 10:10:57,193 - c:\users\aarc8\documents\github\mdoairb\framework\Sizing\airplane_sizing_check     - INFO - Current individual vairables: [127, 99, 46, 19, -4, 27, 46, 20, 30, 1402, 17, 102, 6, 1075, 41000, 78, 1, 1, 1, 1]
2021-07-01 10:10:57,229 - c:\users\aarc8\documents\github\mdoairb\framework\Sizing\airplane_sizing_check     - INFO - ---- Start aircraft sizing module ----
2021-07-01 10:10:57,234 - c:\users\aarc8\documents\github\mdoairb\framework\Sizing\airplane_sizing_check     - INFO - Current individual vairables: [85, 96, 36, 16, -5, 29, 50, 12, 30, 1462, 17, 68, 5, 1975, 41000, 78, 1, 1, 1, 1]
2021-07-01 10:10:57,255 - c:\users\aarc8\documents\github\mdoairb\framework\Sizing\airplane_sizing_check     - INFO - ---- Start aircraft sizing module ----
2021-07-01 10:10:57,257 - c:\users\aarc8\documents\github\mdoairb\framework\Sizing\airplane_sizing_check     - INFO - Current individual vairables: [115, 91, 29, 20, -2, 39, 48, 14, 27, 1492, 19, 110, 4, 1525, 41000, 78, 1, 1, 1, 1]
2021-07-01 10:10:57,307 - c:\users\aarc8\documents\github\mdoairb\framework\Sizing\airplane_sizing_check     - INFO - ---- Start aircraft sizing module ----
2021-07-01 10:10:57,308 - c:\users\aarc8\documents\github\mdoairb\framework\Sizing\airplane_sizing_check     - INFO - Current individual vairables: [91, 86, 31, 17, -2, 32, 58, 14, 28, 1432, 16, 54, 4, 2125, 41000, 78, 1, 1, 1, 1]
2021-07-01 10:10:57,340 - c:\users\aarc8\documents\github\mdoairb\framework\Sizing\airplane_sizing_check     - INFO - ---- Start aircraft sizing module ----
2021-07-01 10:10:57,341 - c:\users\aarc8\documents\github\mdoairb\framework\Sizing\airplane_sizing_check     - INFO - Current individual vairables: [73, 94, 44, 22, -5, 33, 60, 18, 28, 1478, 18, 88, 5, 1825, 41000, 78, 1, 1, 1, 1]
2021-07-01 10:10:57,382 - c:\users\aarc8\documents\github\mdoairb\framework\Sizing\airplane_sizing_check     - INFO - ---- Start aircraft sizing module ----
2021-07-01 10:10:57,384 - c:\users\aarc8\documents\github\mdoairb\framework\Sizing\airplane_sizing_check     - INFO - Current individual vairables: [103, 81, 41, 28, -4, 35, 56, 16, 29, 1388, 14, 82, 5, 2275, 41000, 78, 1, 1, 1, 1]
2021-07-01 10:10:57,452 - c:\users\aarc8\documents\github\mdoairb\framework\Sizing\airplane_sizing_check     - INFO - ---- Start aircraft sizing module ----
2021-07-01 10:10:57,457 - c:\users\aarc8\documents\github\mdoairb\framework\Sizing\airplane_sizing_check     - INFO - Current individual vairables: [79, 89, 39, 25, -4, 26, 62, 18, 27, 1418, 15, 74, 6, 1375, 41000, 78, 1, 1, 1, 1]
2021-07-01 10:10:57,492 - c:\users\aarc8\documents\github\mdoairb\framework\Sizing\airplane_sizing_check     - INFO - ---- Start aircraft sizing module ----
2021-07-01 10:10:57,493 - c:\users\aarc8\documents\github\mdoairb\framework\Sizing\airplane_sizing_check     - INFO - Current individual vairables: [121, 79, 26, 26, -3, 36, 64, 12, 28, 1448, 16, 116, 5, 1225, 41000, 78, 1, 1, 1, 1]
2021-07-01 10:10:57,540 - c:\users\aarc8\documents\github\mdoairb\framework\Sizing\airplane_sizing_check     - INFO - ---- Start aircraft sizing module ----
2021-07-01 10:10:57,542 - c:\users\aarc8\documents\github\mdoairb\framework\Sizing\airplane_sizing_check     - INFO - Current individual vairables: [73, 94, 44, 27, -5, 33, 60, 18, 28, 1478, 18, 88, 5, 1825, 41000, 78, 1, 1, 1, 1]
2021-07-01 10:10:57,586 - c:\users\aarc8\documents\github\mdoairb\framework\Sizing\airplane_sizing_check     - INFO - ---- Start aircraft sizing module ----
2021-07-01 10:10:57,588 - c:\users\aarc8\documents\github\mdoairb\framework\Sizing\airplane_sizing_check     - INFO - Current individual vairables: [79, 89, 39, 25, -4, 26, 62, 22, 29, 1418, 15, 74, 6, 1375, 39214, 78, 1, 1, 1, 1]
2021-07-01 10:10:57,626 - c:\users\aarc8\documents\github\mdoairb\framework\Sizing\airplane_sizing_check     - INFO - ---- Start aircraft sizing module ----
2021-07-01 10:10:57,627 - c:\users\aarc8\documents\github\mdoairb\framework\Sizing\airplane_sizing_check     - INFO - Current individual vairables: [118, 79, 26, 26, -3, 39, 49, 12, 29, 1448, 16, 116, 5, 1225, 41000, 78, 1, 1, 1, 1]
2021-07-01 10:10:57,669 - c:\users\aarc8\documents\github\mdoairb\framework\Sizing\airplane_sizing_check     - INFO - ---- Start aircraft sizing module ----
2021-07-01 10:10:57,670 - c:\users\aarc8\documents\github\mdoairb\framework\Sizing\airplane_sizing_check     - INFO - Current individual vairables: [115, 108, 29, 20, -2, 39, 48, 14, 29, 1492, 19, 110, 4, 1525, 41000, 78, 1, 1, 1, 1]
2021-07-01 10:10:57,701 - c:\users\aarc8\documents\github\mdoairb\framework\Sizing\airplane_sizing_check     - INFO - ---- Start aircraft sizing module ----
2021-07-01 10:10:57,704 - c:\users\aarc8\documents\github\mdoairb\framework\Sizing\airplane_sizing_check     - INFO - Current individual vairables: [97, 76, 49, 18, -3, 30, 52, 10, 29, 1358, 18, 96, 6, 1675, 42273, 78, 1, 1, 1, 1]
2021-07-01 10:10:57,743 - c:\users\aarc8\documents\github\mdoairb\framework\Sizing\airplane_sizing_check     - INFO - ---- Start aircraft sizing module ----
2021-07-01 10:10:57,744 - c:\users\aarc8\documents\github\mdoairb\framework\Sizing\airplane_sizing_check     - INFO - Current individual vairables: [73, 94, 44, 27, -5, 33, 60, 18, 28, 1478, 18, 82, 5, 2275, 41000, 78, 1, 1, 1, 1]
2021-07-01 10:10:57,775 - c:\users\aarc8\documents\github\mdoairb\framework\Sizing\airplane_sizing_check     - INFO - ---- Start aircraft sizing module ----
2021-07-01 10:10:57,776 - c:\users\aarc8\documents\github\mdoairb\framework\Sizing\airplane_sizing_check     - INFO - Current individual vairables: [103, 81, 41, 28, -4, 35, 53, 16, 29, 1388, 14, 88, 5, 1825, 41000, 78, 1, 1, 1, 1]
2021-07-01 10:10:57,808 - c:\users\aarc8\documents\github\mdoairb\framework\Sizing\airplane_sizing_check     - INFO - ---- Start aircraft sizing module ----
2021-07-01 10:10:57,809 - c:\users\aarc8\documents\github\mdoairb\framework\Sizing\airplane_sizing_check     - INFO - Current individual vairables: [127, 99, 46, 19, -4, 27, 46, 16, 30, 1493, 17, 102, 6, 1075, 41000, 78, 1, 1, 1, 1]
2021-07-01 10:10:57,858 - c:\users\aarc8\documents\github\mdoairb\framework\Sizing\airplane_sizing_check     - INFO - ---- Start aircraft sizing module ----
2021-07-01 10:10:57,859 - c:\users\aarc8\documents\github\mdoairb\framework\Sizing\airplane_sizing_check     - INFO - Current individual vairables: [109, 84, 32, 29, -3, 38, 53, 16, 29, 1372, 20, 188, 4, 2425, 41000, 78, 1, 1, 1, 1]
2021-07-01 10:10:57,889 - c:\users\aarc8\documents\github\mdoairb\framework\Sizing\airplane_sizing_check     - INFO - ---- Start aircraft sizing module ----
2021-07-01 10:10:57,890 - c:\users\aarc8\documents\github\mdoairb\framework\Sizing\airplane_sizing_check     - INFO - Current individual vairables: [127, 99, 46, 19, -4, 27, 46, 16, 30, 1493, 17, 102, 6, 1075, 41000, 78, 1, 1, 1, 1]
2021-07-01 10:10:57,919 - c:\users\aarc8\documents\github\mdoairb\framework\Sizing\airplane_sizing_check     - INFO - ---- Start aircraft sizing module ----
2021-07-01 10:10:57,920 - c:\users\aarc8\documents\github\mdoairb\framework\Sizing\airplane_sizing_check     - INFO - Current individual vairables: [85, 96, 36, 16, -5, 29, 50, 12, 30, 1462, 17, 68, 5, 1975, 41000, 78, 1, 1, 1, 1]
2021-07-01 10:10:57,952 - c:\users\aarc8\documents\github\mdoairb\framework\Sizing\airplane_sizing_check     - INFO - ---- Start aircraft sizing module ----
2021-07-01 10:10:57,953 - c:\users\aarc8\documents\github\mdoairb\framework\Sizing\airplane_sizing_check     - INFO - Current individual vairables: [72, 76, 49, 26, -4, 42, 52, 10, 29, 1358, 18, 96, 6, 1675, 39687, 78, 1, 1, 1, 1]
2021-07-01 10:10:57,983 - c:\users\aarc8\documents\github\mdoairb\framework\Sizing\airplane_sizing_check     - INFO - ---- Start aircraft sizing module ----
2021-07-01 10:10:57,986 - c:\users\aarc8\documents\github\mdoairb\framework\Sizing\airplane_sizing_check     - INFO - Current individual vairables: [85, 86, 31, 17, -2, 32, 58, 14, 28, 1432, 16, 54, 4, 2125, 41000, 78, 1, 1, 1, 1]
2021-07-01 10:10:58,019 - c:\users\aarc8\documents\github\mdoairb\framework\Sizing\airplane_sizing_check     - INFO - ---- Start aircraft sizing module ----
2021-07-01 10:10:58,020 - c:\users\aarc8\documents\github\mdoairb\framework\Sizing\airplane_sizing_check     - INFO - Current individual vairables: [103, 81, 41, 27, -2, 35, 53, 12, 29, 1362, 14, 88, 5, 1825, 41000, 78, 1, 1, 1, 1]
2021-07-01 10:10:58,052 - c:\users\aarc8\documents\github\mdoairb\framework\Sizing\airplane_sizing_check     - INFO - ---- Start aircraft sizing module ----
2021-07-01 10:10:58,053 - c:\users\aarc8\documents\github\mdoairb\framework\Sizing\airplane_sizing_check     - INFO - Current individual vairables: [107, 79, 26, 26, -3, 39, 49, 12, 29, 1448, 16, 147, 5, 1225, 41000, 78, 1, 1, 1, 1]
2021-07-01 10:10:58,075 - c:\users\aarc8\documents\github\mdoairb\framework\Sizing\airplane_sizing_check     - INFO - ---- Start aircraft sizing module ----
2021-07-01 10:10:58,076 - c:\users\aarc8\documents\github\mdoairb\framework\Sizing\airplane_sizing_check     - INFO - Current individual vairables: [100, 99, 46, 19, -4, 27, 46, 12, 30, 1493, 17, 102, 6, 1372, 41000, 78, 1, 1, 1, 1]
2021-07-01 10:10:58,118 - c:\users\aarc8\documents\github\mdoairb\framework\Sizing\airplane_sizing_check     - INFO - ---- Start aircraft sizing module ----
2021-07-01 10:10:58,119 - c:\users\aarc8\documents\github\mdoairb\framework\Sizing\airplane_sizing_check     - INFO - Current individual vairables: [72, 76, 49, 26, -4, 42, 52, 10, 29, 1493, 17, 102, 6, 1372, 41000, 78, 1, 1, 1, 1]
2021-07-01 10:10:58,160 - c:\users\aarc8\documents\github\mdoairb\framework\Sizing\airplane_sizing_check     - INFO - ---- Start aircraft sizing module ----
2021-07-01 10:10:58,161 - c:\users\aarc8\documents\github\mdoairb\framework\Sizing\airplane_sizing_check     - INFO - Current individual vairables: [100, 99, 46, 19, -4, 27, 46, 12, 30, 1358, 18, 96, 6, 1675, 39687, 78, 1, 1, 1, 1]
2021-07-01 10:10:58,216 - c:\users\aarc8\documents\github\mdoairb\framework\Sizing\airplane_sizing_check     - INFO - ---- Start aircraft sizing module ----
2021-07-01 10:10:58,219 - c:\users\aarc8\documents\github\mdoairb\framework\Sizing\airplane_sizing_check     - INFO - Current individual vairables: [85, 96, 36, 16, -5, 29, 50, 12, 29, 1492, 17, 68, 5, 1975, 41000, 78, 1, 1, 1, 1]
2021-07-01 10:10:58,247 - c:\users\aarc8\documents\github\mdoairb\framework\Sizing\airplane_sizing_check     - INFO - ---- Start aircraft sizing module ----
2021-07-01 10:10:58,255 - c:\users\aarc8\documents\github\mdoairb\framework\Sizing\airplane_sizing_check     - INFO - Current individual vairables: [115, 108, 29, 20, -2, 39, 48, 14, 30, 1462, 19, 110, 4, 1525, 41000, 78, 1, 1, 1, 1]
2021-07-01 10:10:58,281 - c:\users\aarc8\documents\github\mdoairb\framework\Sizing\airplane_sizing_check     - INFO - ---- Start aircraft sizing module ----
2021-07-01 10:10:58,285 - c:\users\aarc8\documents\github\mdoairb\framework\Sizing\airplane_sizing_check     - INFO - Current individual vairables: [79, 89, 39, 25, -4, 39, 62, 22, 29, 1418, 15, 74, 6, 2626, 39214, 78, 1, 1, 1, 1]
2021-07-01 10:10:58,319 - c:\users\aarc8\documents\github\mdoairb\framework\Sizing\airplane_sizing_check     - INFO - ---- Start aircraft sizing module ----
2021-07-01 10:10:58,322 - c:\users\aarc8\documents\github\mdoairb\framework\Sizing\airplane_sizing_check     - INFO - Current individual vairables: [109, 84, 32, 29, -3, 38, 53, 16, 29, 1439, 24, 188, 6, 2425, 41000, 79, 1, 1, 1, 1]
2021-07-01 10:10:58,358 - c:\users\aarc8\documents\github\mdoairb\framework\Sizing\airplane_sizing_check     - INFO - ---- Start aircraft sizing module ----
2021-07-01 10:10:58,359 - c:\users\aarc8\documents\github\mdoairb\framework\Sizing\airplane_sizing_check     - INFO - Current individual vairables: [73, 94, 41, 27, -2, 35, 53, 12, 29, 1362, 14, 88, 5, 1825, 41000, 78, 1, 1, 1, 1]
2021-07-01 10:10:58,388 - c:\users\aarc8\documents\github\mdoairb\framework\Sizing\airplane_sizing_check     - INFO - ---- Start aircraft sizing module ----
2021-07-01 10:10:58,390 - c:\users\aarc8\documents\github\mdoairb\framework\Sizing\airplane_sizing_check     - INFO - Current individual vairables: [103, 81, 44, 27, -5, 33, 60, 18, 28, 1478, 18, 82, 5, 2275, 41000, 78, 1, 1, 1, 1]
2021-07-01 10:10:58,459 - c:\users\aarc8\documents\github\mdoairb\framework\Sizing\airplane_sizing_check     - INFO - ---- Start aircraft sizing module ----
2021-07-01 10:10:58,460 - c:\users\aarc8\documents\github\mdoairb\framework\Sizing\airplane_sizing_check     - INFO - Current individual vairables: [109, 84, 32, 29, -3, 38, 53, 16, 29, 1439, 24, 188, 6, 2425, 41000, 79, 1, 1, 1, 1]
2021-07-01 10:10:58,515 - c:\users\aarc8\documents\github\mdoairb\framework\Sizing\airplane_sizing_check     - INFO - ---- Start aircraft sizing module ----
2021-07-01 10:10:58,525 - c:\users\aarc8\documents\github\mdoairb\framework\Sizing\airplane_sizing_check     - INFO - Current individual vairables: [85, 86, 31, 17, -2, 32, 58, 14, 28, 1432, 16, 88, 5, 1825, 41000, 78, 1, 1, 1, 1]
2021-07-01 10:10:58,611 - c:\users\aarc8\documents\github\mdoairb\framework\Sizing\airplane_sizing_check     - INFO - ---- Start aircraft sizing module ----
2021-07-01 10:10:58,612 - c:\users\aarc8\documents\github\mdoairb\framework\Sizing\airplane_sizing_check     - INFO - Current individual vairables: [73, 94, 41, 27, -2, 35, 53, 12, 29, 1362, 14, 54, 4, 2125, 41000, 78, 1, 1, 1, 1]
2021-07-01 10:10:58,674 - c:\users\aarc8\documents\github\mdoairb\framework\Sizing\airplane_sizing_check     - INFO - ---- Start aircraft sizing module ----
2021-07-01 10:10:58,676 - c:\users\aarc8\documents\github\mdoairb\framework\Sizing\airplane_sizing_check     - INFO - Current individual vairables: [103, 89, 39, 25, -4, 39, 62, 22, 29, 1418, 15, 74, 6, 2626, 39214, 78, 1, 1, 1, 1]
2021-07-01 10:10:58,740 - c:\users\aarc8\documents\github\mdoairb\framework\Sizing\airplane_sizing_check     - INFO - ---- Start aircraft sizing module ----
2021-07-01 10:10:58,743 - c:\users\aarc8\documents\github\mdoairb\framework\Sizing\airplane_sizing_check     - INFO - Current individual vairables: [79, 81, 44, 27, -5, 33, 60, 18, 28, 1478, 18, 82, 5, 2275, 41000, 78, 1, 1, 1, 1]
2021-07-01 10:10:58,801 - c:\users\aarc8\documents\github\mdoairb\framework\Sizing\airplane_sizing_check     - INFO - ---- Start aircraft sizing module ----
2021-07-01 10:10:58,803 - c:\users\aarc8\documents\github\mdoairb\framework\Sizing\airplane_sizing_check     - INFO - Current individual vairables: [79, 81, 44, 26, -5, 33, 60, 18, 28, 1478, 18, 82, 5, 2275, 41000, 78, 1, 1, 1, 1]
2021-07-01 10:10:58,851 - c:\users\aarc8\documents\github\mdoairb\framework\Sizing\airplane_sizing_check     - INFO - ---- Start aircraft sizing module ----
2021-07-01 10:10:58,855 - c:\users\aarc8\documents\github\mdoairb\framework\Sizing\airplane_sizing_check     - INFO - Current individual vairables: [103, 89, 39, 25, -4, 39, 62, 22, 29, 1418, 15, 74, 6, 2626, 39214, 78, 1, 1, 1, 1]
2021-07-01 10:10:58,899 - c:\users\aarc8\documents\github\mdoairb\framework\Sizing\airplane_sizing_check     - INFO - ---- Start aircraft sizing module ----
2021-07-01 10:10:58,907 - c:\users\aarc8\documents\github\mdoairb\framework\Sizing\airplane_sizing_check     - INFO - Current individual vairables: [113, 76, 49, 26, -4, 42, 52, 10, 29, 1493, 15, 102, 6, 1372, 41000, 78, 1, 1, 1, 1]
2021-07-01 10:10:58,946 - c:\users\aarc8\documents\github\mdoairb\framework\Sizing\airplane_sizing_check     - INFO - ---- Start aircraft sizing module ----
2021-07-01 10:10:58,949 - c:\users\aarc8\documents\github\mdoairb\framework\Sizing\airplane_sizing_check     - INFO - Current individual vairables: [109, 84, 32, 29, -3, 38, 53, 12, 30, 1358, 18, 96, 6, 1675, 39687, 78, 1, 1, 1, 1]
2021-07-01 10:10:59,015 - c:\users\aarc8\documents\github\mdoairb\framework\Sizing\airplane_sizing_check     - INFO - ---- Start aircraft sizing module ----
2021-07-01 10:10:59,022 - c:\users\aarc8\documents\github\mdoairb\framework\Sizing\airplane_sizing_check     - INFO - Current individual vairables: [100, 99, 46, 19, -4, 27, 46, 16, 29, 1439, 24, 188, 6, 2425, 41000, 79, 1, 1, 1, 1]
2021-07-01 10:10:59,077 - c:\users\aarc8\documents\github\mdoairb\framework\Sizing\airplane_sizing_check     - INFO - ---- Start aircraft sizing module ----
2021-07-01 10:10:59,078 - c:\users\aarc8\documents\github\mdoairb\framework\Sizing\airplane_sizing_check     - INFO - Current individual vairables: [85, 96, 36, 16, -5, 29, 50, 12, 29, 1492, 17, 136, 5, 1618, 41000, 81, 1, 1, 1, 1]
2021-07-01 10:10:59,154 - c:\users\aarc8\documents\github\mdoairb\framework\Sizing\airplane_sizing_check     - INFO - ---- Start aircraft sizing module ----
2021-07-01 10:10:59,161 - c:\users\aarc8\documents\github\mdoairb\framework\Sizing\airplane_sizing_check     - INFO - Current individual vairables: [85, 86, 31, 17, -2, 32, 58, 12, 29, 1362, 14, 54, 4, 1825, 41000, 78, 1, 1, 1, 1]
2021-07-01 10:10:59,210 - c:\users\aarc8\documents\github\mdoairb\framework\Sizing\airplane_sizing_check     - INFO - ---- Start aircraft sizing module ----
2021-07-01 10:10:59,211 - c:\users\aarc8\documents\github\mdoairb\framework\Sizing\airplane_sizing_check     - INFO - Current individual vairables: [73, 94, 41, 27, -2, 35, 53, 14, 28, 1432, 16, 88, 5, 2125, 41000, 78, 1, 1, 1, 1]
\framework\Optimization\objective_function     - ERROR - >>>>>>>>>> Error at <<<<<<<<<<<< objective_function
Traceback (most recent call last):
  File "c:\users\aarc8\documents\github\mdoairb\framework\Optimization\objective_function.py", line 92, in objective_function
    if status == 0:
UnboundLocalError: local variable 'status' referenced before assignment
2021-07-01 10:10:57,403 - c:\users\aarc8\documents\github\mdoairb\framework\Optimization\objective_function     - INFO - Exception ocurred during calculations
2021-07-01 10:10:57,405 - c:\users\aarc8\documents\github\mdoairb\framework\Optimization\objective_function     - INFO - Aircraft not passed sizing and checks, profit: 0
2021-07-01 10:10:57,408 - c:\users\aarc8\documents\github\mdoairb\framework\Optimization\objective_function     - INFO - Network profit excecution time: 0:00:00.034982
2021-07-01 10:10:57,409 - c:\users\aarc8\documents\github\mdoairb\framework\Optimization\objective_function     - INFO - ==== End network profit module ====
2021-07-01 10:10:57,428 - c:\users\aarc8\documents\github\mdoairb\framework\Optimization\objective_function     - INFO - ==== Start network profit module ====
2021-07-01 10:10:57,462 - c:\users\aarc8\documents\github\mdoairb\framework\Optimization\objective_function     - ERROR - >>>>>>>>>> Error at <<<<<<<<<<<< airplane_sizing
Traceback (most recent call last):
  File "c:\users\aarc8\documents\github\mdoairb\framework\Optimization\objective_function.py", line 81, in objective_function
    status, flags, vehicle = airplane_sizing(vehicle,x)
  File "c:\users\aarc8\documents\github\mdoairb\framework\Sizing\airplane_sizing_check.py", line 205, in airplane_sizing
    vehicle = fuselage_cross_section(vehicle)
  File "c:\users\aarc8\documents\github\mdoairb\framework\Sizing\Geometry\fuselage_sizing.py", line 46, in fuselage_cross_section
    seat_cushion_width_YC = fuselage['seat_width']
KeyError: 'seat_width'
2021-07-01 10:10:57,469 - c:\users\aarc8\documents\github\mdoairb\framework\Optimization\objective_function     - ERROR - >>>>>>>>>> Error at <<<<<<<<<<<< objective_function
Traceback (most recent call last):
  File "c:\users\aarc8\documents\github\mdoairb\framework\Optimization\objective_function.py", line 92, in objective_function
    if status == 0:
UnboundLocalError: local variable 'status' referenced before assignment
2021-07-01 10:10:57,472 - c:\users\aarc8\documents\github\mdoairb\framework\Optimization\objective_function     - INFO - Exception ocurred during calculations
2021-07-01 10:10:57,473 - c:\users\aarc8\documents\github\mdoairb\framework\Optimization\objective_function     - INFO - Aircraft not passed sizing and checks, profit: 0
2021-07-01 10:10:57,477 - c:\users\aarc8\documents\github\mdoairb\framework\Optimization\objective_function     - INFO - Network profit excecution time: 0:00:00.037487
2021-07-01 10:10:57,478 - c:\users\aarc8\documents\github\mdoairb\framework\Optimization\objective_function     - INFO - ==== End network profit module ====
2021-07-01 10:10:57,480 - c:\users\aarc8\documents\github\mdoairb\framework\Optimization\objective_function     - INFO - ==== Start network profit module ====
2021-07-01 10:10:57,495 - c:\users\aarc8\documents\github\mdoairb\framework\Optimization\objective_function     - ERROR - >>>>>>>>>> Error at <<<<<<<<<<<< airplane_sizing
Traceback (most recent call last):
  File "c:\users\aarc8\documents\github\mdoairb\framework\Optimization\objective_function.py", line 81, in objective_function
    status, flags, vehicle = airplane_sizing(vehicle,x)
  File "c:\users\aarc8\documents\github\mdoairb\framework\Sizing\airplane_sizing_check.py", line 205, in airplane_sizing
    vehicle = fuselage_cross_section(vehicle)
  File "c:\users\aarc8\documents\github\mdoairb\framework\Sizing\Geometry\fuselage_sizing.py", line 46, in fuselage_cross_section
    seat_cushion_width_YC = fuselage['seat_width']
KeyError: 'seat_width'
2021-07-01 10:10:57,511 - c:\users\aarc8\documents\github\mdoairb\framework\Optimization\objective_function     - ERROR - >>>>>>>>>> Error at <<<<<<<<<<<< objective_function
Traceback (most recent call last):
  File "c:\users\aarc8\documents\github\mdoairb\framework\Optimization\objective_function.py", line 92, in objective_function
    if status == 0:
UnboundLocalError: local variable 'status' referenced before assignment
2021-07-01 10:10:57,518 - c:\users\aarc8\documents\github\mdoairb\framework\Optimization\objective_function     - INFO - Exception ocurred during calculations
2021-07-01 10:10:57,523 - c:\users\aarc8\documents\github\mdoairb\framework\Optimization\objective_function     - INFO - Aircraft not passed sizing and checks, profit: 0
2021-07-01 10:10:57,526 - c:\users\aarc8\documents\github\mdoairb\framework\Optimization\objective_function     - INFO - Network profit excecution time: 0:00:00.042967
2021-07-01 10:10:57,528 - c:\users\aarc8\documents\github\mdoairb\framework\Optimization\objective_function     - INFO - ==== End network profit module ====
2021-07-01 10:10:57,530 - c:\users\aarc8\documents\github\mdoairb\framework\Optimization\objective_function     - INFO - ==== Start network profit module ====
2021-07-01 10:10:57,545 - c:\users\aarc8\documents\github\mdoairb\framework\Optimization\objective_function     - ERROR - >>>>>>>>>> Error at <<<<<<<<<<<< airplane_sizing
Traceback (most recent call last):
  File "c:\users\aarc8\documents\github\mdoairb\framework\Optimization\objective_function.py", line 81, in objective_function
    status, flags, vehicle = airplane_sizing(vehicle,x)
  File "c:\users\aarc8\documents\github\mdoairb\framework\Sizing\airplane_sizing_check.py", line 205, in airplane_sizing
    vehicle = fuselage_cross_section(vehicle)
  File "c:\users\aarc8\documents\github\mdoairb\framework\Sizing\Geometry\fuselage_sizing.py", line 46, in fuselage_cross_section
    seat_cushion_width_YC = fuselage['seat_width']
KeyError: 'seat_width'
2021-07-01 10:10:57,551 - c:\users\aarc8\documents\github\mdoairb\framework\Optimization\objective_function     - ERROR - >>>>>>>>>> Error at <<<<<<<<<<<< objective_function
Traceback (most recent call last):
  File "c:\users\aarc8\documents\github\mdoairb\framework\Optimization\objective_function.py", line 92, in objective_function
    if status == 0:
UnboundLocalError: local variable 'status' referenced before assignment
2021-07-01 10:10:57,554 - c:\users\aarc8\documents\github\mdoairb\framework\Optimization\objective_function     - INFO - Exception ocurred during calculations
2021-07-01 10:10:57,558 - c:\users\aarc8\documents\github\mdoairb\framework\Optimization\objective_function     - INFO - Aircraft not passed sizing and checks, profit: 0
2021-07-01 10:10:57,564 - c:\users\aarc8\documents\github\mdoairb\framework\Optimization\objective_function     - INFO - Network profit excecution time: 0:00:00.029973
2021-07-01 10:10:57,567 - c:\users\aarc8\documents\github\mdoairb\framework\Optimization\objective_function     - INFO - ==== End network profit module ====
2021-07-01 10:10:57,578 - c:\users\aarc8\documents\github\mdoairb\framework\Optimization\objective_function     - INFO - ==== Start network profit module ====
2021-07-01 10:10:57,589 - c:\users\aarc8\documents\github\mdoairb\framework\Optimization\objective_function     - ERROR - >>>>>>>>>> Error at <<<<<<<<<<<< airplane_sizing
Traceback (most recent call last):
  File "c:\users\aarc8\documents\github\mdoairb\framework\Optimization\objective_function.py", line 81, in objective_function
    status, flags, vehicle = airplane_sizing(vehicle,x)
  File "c:\users\aarc8\documents\github\mdoairb\framework\Sizing\airplane_sizing_check.py", line 205, in airplane_sizing
    vehicle = fuselage_cross_section(vehicle)
  File "c:\users\aarc8\documents\github\mdoairb\framework\Sizing\Geometry\fuselage_sizing.py", line 46, in fuselage_cross_section
    seat_cushion_width_YC = fuselage['seat_width']
KeyError: 'seat_width'
2021-07-01 10:10:57,596 - c:\users\aarc8\documents\github\mdoairb\framework\Optimization\objective_function     - ERROR - >>>>>>>>>> Error at <<<<<<<<<<<< objective_function
Traceback (most recent call last):
  File "c:\users\aarc8\documents\github\mdoairb\framework\Optimization\objective_function.py", line 92, in objective_function
    if status == 0:
UnboundLocalError: local variable 'status' referenced before assignment
2021-07-01 10:10:57,603 - c:\users\aarc8\documents\github\mdoairb\framework\Optimization\objective_function     - INFO - Exception ocurred during calculations
2021-07-01 10:10:57,604 - c:\users\aarc8\documents\github\mdoairb\framework\Optimization\objective_function     - INFO - Aircraft not passed sizing and checks, profit: 0
2021-07-01 10:10:57,607 - c:\users\aarc8\documents\github\mdoairb\framework\Optimization\objective_function     - INFO - Network profit excecution time: 0:00:00.027984
2021-07-01 10:10:57,609 - c:\users\aarc8\documents\github\mdoairb\framework\Optimization\objective_function     - INFO - ==== End network profit module ====
2021-07-01 10:10:57,614 - c:\users\aarc8\documents\github\mdoairb\framework\Optimization\objective_function     - INFO - ==== Start network profit module ====
2021-07-01 10:10:57,630 - c:\users\aarc8\documents\github\mdoairb\framework\Optimization\objective_function     - ERROR - >>>>>>>>>> Error at <<<<<<<<<<<< airplane_sizing
Traceback (most recent call last):
  File "c:\users\aarc8\documents\github\mdoairb\framework\Optimization\objective_function.py", line 81, in objective_function
    status, flags, vehicle = airplane_sizing(vehicle,x)
  File "c:\users\aarc8\documents\github\mdoairb\framework\Sizing\airplane_sizing_check.py", line 205, in airplane_sizing
    vehicle = fuselage_cross_section(vehicle)
  File "c:\users\aarc8\documents\github\mdoairb\framework\Sizing\Geometry\fuselage_sizing.py", line 46, in fuselage_cross_section
    seat_cushion_width_YC = fuselage['seat_width']
KeyError: 'seat_width'
2021-07-01 10:10:57,640 - c:\users\aarc8\documents\github\mdoairb\framework\Optimization\objective_function     - ERROR - >>>>>>>>>> Error at <<<<<<<<<<<< objective_function
Traceback (most recent call last):
  File "c:\users\aarc8\documents\github\mdoairb\framework\Optimization\objective_function.py", line 92, in objective_function
    if status == 0:
UnboundLocalError: local variable 'status' referenced before assignment
2021-07-01 10:10:57,647 - c:\users\aarc8\documents\github\mdoairb\framework\Optimization\objective_function     - INFO - Exception ocurred during calculations
2021-07-01 10:10:57,649 - c:\users\aarc8\documents\github\mdoairb\framework\Optimization\objective_function     - INFO - Aircraft not passed sizing and checks, profit: 0
2021-07-01 10:10:57,655 - c:\users\aarc8\documents\github\mdoairb\framework\Optimization\objective_function     - INFO - Network profit excecution time: 0:00:00.037977
2021-07-01 10:10:57,657 - c:\users\aarc8\documents\github\mdoairb\framework\Optimization\objective_function     - INFO - ==== End network profit module ====
2021-07-01 10:10:57,660 - c:\users\aarc8\documents\github\mdoairb\framework\Optimization\objective_function     - INFO - ==== Start network profit module ====
2021-07-01 10:10:57,671 - c:\users\aarc8\documents\github\mdoairb\framework\Optimization\objective_function     - ERROR - >>>>>>>>>> Error at <<<<<<<<<<<< airplane_sizing
Traceback (most recent call last):
  File "c:\users\aarc8\documents\github\mdoairb\framework\Optimization\objective_function.py", line 81, in objective_function
    status, flags, vehicle = airplane_sizing(vehicle,x)
  File "c:\users\aarc8\documents\github\mdoairb\framework\Sizing\airplane_sizing_check.py", line 205, in airplane_sizing
    vehicle = fuselage_cross_section(vehicle)
  File "c:\users\aarc8\documents\github\mdoairb\framework\Sizing\Geometry\fuselage_sizing.py", line 46, in fuselage_cross_section
    seat_cushion_width_YC = fuselage['seat_width']
KeyError: 'seat_width'
2021-07-01 10:10:57,674 - c:\users\aarc8\documents\github\mdoairb\framework\Optimization\objective_function     - ERROR - >>>>>>>>>> Error at <<<<<<<<<<<< objective_function
Traceback (most recent call last):
  File "c:\users\aarc8\documents\github\mdoairb\framework\Optimization\objective_function.py", line 92, in objective_function
    if status == 0:
UnboundLocalError: local variable 'status' referenced before assignment
2021-07-01 10:10:57,676 - c:\users\aarc8\documents\github\mdoairb\framework\Optimization\objective_function     - INFO - Exception ocurred during calculations
2021-07-01 10:10:57,678 - c:\users\aarc8\documents\github\mdoairb\framework\Optimization\objective_function     - INFO - Aircraft not passed sizing and checks, profit: 0
2021-07-01 10:10:57,683 - c:\users\aarc8\documents\github\mdoairb\framework\Optimization\objective_function     - INFO - Network profit excecution time: 0:00:00.021987
2021-07-01 10:10:57,683 - c:\users\aarc8\documents\github\mdoairb\framework\Optimization\objective_function     - INFO - ==== End network profit module ====
2021-07-01 10:10:57,690 - c:\users\aarc8\documents\github\mdoairb\framework\Optimization\objective_function     - INFO - ==== Start network profit module ====
2021-07-01 10:10:57,706 - c:\users\aarc8\documents\github\mdoairb\framework\Optimization\objective_function     - ERROR - >>>>>>>>>> Error at <<<<<<<<<<<< airplane_sizing
Traceback (most recent call last):
  File "c:\users\aarc8\documents\github\mdoairb\framework\Optimization\objective_function.py", line 81, in objective_function
    status, flags, vehicle = airplane_sizing(vehicle,x)
  File "c:\users\aarc8\documents\github\mdoairb\framework\Sizing\airplane_sizing_check.py", line 205, in airplane_sizing
    vehicle = fuselage_cross_section(vehicle)
  File "c:\users\aarc8\documents\github\mdoairb\framework\Sizing\Geometry\fuselage_sizing.py", line 46, in fuselage_cross_section
    seat_cushion_width_YC = fuselage['seat_width']
KeyError: 'seat_width'
2021-07-01 10:10:57,712 - c:\users\aarc8\documents\github\mdoairb\framework\Optimization\objective_function     - ERROR - >>>>>>>>>> Error at <<<<<<<<<<<< objective_function
Traceback (most recent call last):
  File "c:\users\aarc8\documents\github\mdoairb\framework\Optimization\objective_function.py", line 92, in objective_function
    if status == 0:
UnboundLocalError: local variable 'status' referenced before assignment
2021-07-01 10:10:57,717 - c:\users\aarc8\documents\github\mdoairb\framework\Optimization\objective_function     - INFO - Exception ocurred during calculations
2021-07-01 10:10:57,718 - c:\users\aarc8\documents\github\mdoairb\framework\Optimization\objective_function     - INFO - Aircraft not passed sizing and checks, profit: 0
2021-07-01 10:10:57,723 - c:\users\aarc8\documents\github\mdoairb\framework\Optimization\objective_function     - INFO - Network profit excecution time: 0:00:00.031982
2021-07-01 10:10:57,723 - c:\users\aarc8\documents\github\mdoairb\framework\Optimization\objective_function     - INFO - ==== End network profit module ====
2021-07-01 10:10:57,724 - c:\users\aarc8\documents\github\mdoairb\framework\Optimization\objective_function     - INFO - ==== Start network profit module ====
2021-07-01 10:10:57,744 - c:\users\aarc8\documents\github\mdoairb\framework\Optimization\objective_function     - ERROR - >>>>>>>>>> Error at <<<<<<<<<<<< airplane_sizing
Traceback (most recent call last):
  File "c:\users\aarc8\documents\github\mdoairb\framework\Optimization\objective_function.py", line 81, in objective_function
    status, flags, vehicle = airplane_sizing(vehicle,x)
  File "c:\users\aarc8\documents\github\mdoairb\framework\Sizing\airplane_sizing_check.py", line 205, in airplane_sizing
    vehicle = fuselage_cross_section(vehicle)
  File "c:\users\aarc8\documents\github\mdoairb\framework\Sizing\Geometry\fuselage_sizing.py", line 46, in fuselage_cross_section
    seat_cushion_width_YC = fuselage['seat_width']
KeyError: 'seat_width'
2021-07-01 10:10:57,751 - c:\users\aarc8\documents\github\mdoairb\framework\Optimization\objective_function     - ERROR - >>>>>>>>>> Error at <<<<<<<<<<<< objective_function
Traceback (most recent call last):
  File "c:\users\aarc8\documents\github\mdoairb\framework\Optimization\objective_function.py", line 92, in objective_function
    if status == 0:
UnboundLocalError: local variable 'status' referenced before assignment
2021-07-01 10:10:57,753 - c:\users\aarc8\documents\github\mdoairb\framework\Optimization\objective_function     - INFO - Exception ocurred during calculations
2021-07-01 10:10:57,755 - c:\users\aarc8\documents\github\mdoairb\framework\Optimization\objective_function     - INFO - Aircraft not passed sizing and checks, profit: 0
2021-07-01 10:10:57,757 - c:\users\aarc8\documents\github\mdoairb\framework\Optimization\objective_function     - INFO - Network profit excecution time: 0:00:00.029980
2021-07-01 10:10:57,758 - c:\users\aarc8\documents\github\mdoairb\framework\Optimization\objective_function     - INFO - ==== End network profit module ====
2021-07-01 10:10:57,762 - c:\users\aarc8\documents\github\mdoairb\framework\Optimization\objective_function     - INFO - ==== Start network profit module ====
2021-07-01 10:10:57,776 - c:\users\aarc8\documents\github\mdoairb\framework\Optimization\objective_function     - ERROR - >>>>>>>>>> Error at <<<<<<<<<<<< airplane_sizing
Traceback (most recent call last):
  File "c:\users\aarc8\documents\github\mdoairb\framework\Optimization\objective_function.py", line 81, in objective_function
    status, flags, vehicle = airplane_sizing(vehicle,x)
  File "c:\users\aarc8\documents\github\mdoairb\framework\Sizing\airplane_sizing_check.py", line 205, in airplane_sizing
    vehicle = fuselage_cross_section(vehicle)
  File "c:\users\aarc8\documents\github\mdoairb\framework\Sizing\Geometry\fuselage_sizing.py", line 46, in fuselage_cross_section
    seat_cushion_width_YC = fuselage['seat_width']
KeyError: 'seat_width'
2021-07-01 10:10:57,780 - c:\users\aarc8\documents\github\mdoairb\framework\Optimization\objective_function     - ERROR - >>>>>>>>>> Error at <<<<<<<<<<<< objective_function
Traceback (most recent call last):
  File "c:\users\aarc8\documents\github\mdoairb\framework\Optimization\objective_function.py", line 92, in objective_function
    if status == 0:
UnboundLocalError: local variable 'status' referenced before assignment
2021-07-01 10:10:57,783 - c:\users\aarc8\documents\github\mdoairb\framework\Optimization\objective_function     - INFO - Exception ocurred during calculations
2021-07-01 10:10:57,783 - c:\users\aarc8\documents\github\mdoairb\framework\Optimization\objective_function     - INFO - Aircraft not passed sizing and checks, profit: 0
2021-07-01 10:10:57,789 - c:\users\aarc8\documents\github\mdoairb\framework\Optimization\objective_function     - INFO - Network profit excecution time: 0:00:00.021993
2021-07-01 10:10:57,791 - c:\users\aarc8\documents\github\mdoairb\framework\Optimization\objective_function     - INFO - ==== End network profit module ====
2021-07-01 10:10:57,796 - c:\users\aarc8\documents\github\mdoairb\framework\Optimization\objective_function     - INFO - ==== Start network profit module ====
2021-07-01 10:10:57,811 - c:\users\aarc8\documents\github\mdoairb\framework\Optimization\objective_function     - ERROR - >>>>>>>>>> Error at <<<<<<<<<<<< airplane_sizing
Traceback (most recent call last):
  File "c:\users\aarc8\documents\github\mdoairb\framework\Optimization\objective_function.py", line 81, in objective_function
    status, flags, vehicle = airplane_sizing(vehicle,x)
  File "c:\users\aarc8\documents\github\mdoairb\framework\Sizing\airplane_sizing_check.py", line 205, in airplane_sizing
    vehicle = fuselage_cross_section(vehicle)
  File "c:\users\aarc8\documents\github\mdoairb\framework\Sizing\Geometry\fuselage_sizing.py", line 46, in fuselage_cross_section
    seat_cushion_width_YC = fuselage['seat_width']
KeyError: 'seat_width'
2021-07-01 10:10:57,816 - c:\users\aarc8\documents\github\mdoairb\framework\Optimization\objective_function     - ERROR - >>>>>>>>>> Error at <<<<<<<<<<<< objective_function
Traceback (most recent call last):
  File "c:\users\aarc8\documents\github\mdoairb\framework\Optimization\objective_function.py", line 92, in objective_function
    if status == 0:
UnboundLocalError: local variable 'status' referenced before assignment
2021-07-01 10:10:57,825 - c:\users\aarc8\documents\github\mdoairb\framework\Optimization\objective_function     - INFO - Exception ocurred during calculations
2021-07-01 10:10:57,826 - c:\users\aarc8\documents\github\mdoairb\framework\Optimization\objective_function     - INFO - Aircraft not passed sizing and checks, profit: 0
2021-07-01 10:10:57,829 - c:\users\aarc8\documents\github\mdoairb\framework\Optimization\objective_function     - INFO - Network profit excecution time: 0:00:00.028986
2021-07-01 10:10:57,830 - c:\users\aarc8\documents\github\mdoairb\framework\Optimization\objective_function     - INFO - ==== End network profit module ====
2021-07-01 10:10:57,848 - c:\users\aarc8\documents\github\mdoairb\framework\Optimization\objective_function     - INFO - ==== Start network profit module ====
2021-07-01 10:10:57,861 - c:\users\aarc8\documents\github\mdoairb\framework\Optimization\objective_function     - ERROR - >>>>>>>>>> Error at <<<<<<<<<<<< airplane_sizing
Traceback (most recent call last):
  File "c:\users\aarc8\documents\github\mdoairb\framework\Optimization\objective_function.py", line 81, in objective_function
    status, flags, vehicle = airplane_sizing(vehicle,x)
  File "c:\users\aarc8\documents\github\mdoairb\framework\Sizing\airplane_sizing_check.py", line 205, in airplane_sizing
    vehicle = fuselage_cross_section(vehicle)
  File "c:\users\aarc8\documents\github\mdoairb\framework\Sizing\Geometry\fuselage_sizing.py", line 46, in fuselage_cross_section
    seat_cushion_width_YC = fuselage['seat_width']
KeyError: 'seat_width'
2021-07-01 10:10:57,867 - c:\users\aarc8\documents\github\mdoairb\framework\Optimization\objective_function     - ERROR - >>>>>>>>>> Error at <<<<<<<<<<<< objective_function
Traceback (most recent call last):
  File "c:\users\aarc8\documents\github\mdoairb\framework\Optimization\objective_function.py", line 92, in objective_function
    if status == 0:
UnboundLocalError: local variable 'status' referenced before assignment
2021-07-01 10:10:57,871 - c:\users\aarc8\documents\github\mdoairb\framework\Optimization\objective_function     - INFO - Exception ocurred during calculations
2021-07-01 10:10:57,873 - c:\users\aarc8\documents\github\mdoairb\framework\Optimization\objective_function     - INFO - Aircraft not passed sizing and checks, profit: 0
2021-07-01 10:10:57,875 - c:\users\aarc8\documents\github\mdoairb\framework\Optimization\objective_function     - INFO - Network profit excecution time: 0:00:00.025985
2021-07-01 10:10:57,877 - c:\users\aarc8\documents\github\mdoairb\framework\Optimization\objective_function     - INFO - ==== End network profit module ====
2021-07-01 10:10:57,877 - c:\users\aarc8\documents\github\mdoairb\framework\Optimization\objective_function     - INFO - ==== Start network profit module ====
2021-07-01 10:10:57,891 - c:\users\aarc8\documents\github\mdoairb\framework\Optimization\objective_function     - ERROR - >>>>>>>>>> Error at <<<<<<<<<<<< airplane_sizing
Traceback (most recent call last):
  File "c:\users\aarc8\documents\github\mdoairb\framework\Optimization\objective_function.py", line 81, in objective_function
    status, flags, vehicle = airplane_sizing(vehicle,x)
  File "c:\users\aarc8\documents\github\mdoairb\framework\Sizing\airplane_sizing_check.py", line 205, in airplane_sizing
    vehicle = fuselage_cross_section(vehicle)
  File "c:\users\aarc8\documents\github\mdoairb\framework\Sizing\Geometry\fuselage_sizing.py", line 46, in fuselage_cross_section
    seat_cushion_width_YC = fuselage['seat_width']
KeyError: 'seat_width'
2021-07-01 10:10:57,894 - c:\users\aarc8\documents\github\mdoairb\framework\Optimization\objective_function     - ERROR - >>>>>>>>>> Error at <<<<<<<<<<<< objective_function
Traceback (most recent call last):
  File "c:\users\aarc8\documents\github\mdoairb\framework\Optimization\objective_function.py", line 92, in objective_function
    if status == 0:
UnboundLocalError: local variable 'status' referenced before assignment
2021-07-01 10:10:57,896 - c:\users\aarc8\documents\github\mdoairb\framework\Optimization\objective_function     - INFO - Exception ocurred during calculations
2021-07-01 10:10:57,898 - c:\users\aarc8\documents\github\mdoairb\framework\Optimization\objective_function     - INFO - Aircraft not passed sizing and checks, profit: 0
2021-07-01 10:10:57,907 - c:\users\aarc8\documents\github\mdoairb\framework\Optimization\objective_function     - INFO - Network profit excecution time: 0:00:00.026984
2021-07-01 10:10:57,907 - c:\users\aarc8\documents\github\mdoairb\framework\Optimization\objective_function     - INFO - ==== End network profit module ====
2021-07-01 10:10:57,908 - c:\users\aarc8\documents\github\mdoairb\framework\Optimization\objective_function     - INFO - ==== Start network profit module ====
2021-07-01 10:10:57,922 - c:\users\aarc8\documents\github\mdoairb\framework\Optimization\objective_function     - ERROR - >>>>>>>>>> Error at <<<<<<<<<<<< airplane_sizing
Traceback (most recent call last):
  File "c:\users\aarc8\documents\github\mdoairb\framework\Optimization\objective_function.py", line 81, in objective_function
    status, flags, vehicle = airplane_sizing(vehicle,x)
  File "c:\users\aarc8\documents\github\mdoairb\framework\Sizing\airplane_sizing_check.py", line 205, in airplane_sizing
    vehicle = fuselage_cross_section(vehicle)
  File "c:\users\aarc8\documents\github\mdoairb\framework\Sizing\Geometry\fuselage_sizing.py", line 46, in fuselage_cross_section
    seat_cushion_width_YC = fuselage['seat_width']
KeyError: 'seat_width'
2021-07-01 10:10:57,925 - c:\users\aarc8\documents\github\mdoairb\framework\Optimization\objective_function     - ERROR - >>>>>>>>>> Error at <<<<<<<<<<<< objective_function
Traceback (most recent call last):
  File "c:\users\aarc8\documents\github\mdoairb\framework\Optimization\objective_function.py", line 92, in objective_function
    if status == 0:
UnboundLocalError: local variable 'status' referenced before assignment
2021-07-01 10:10:57,929 - c:\users\aarc8\documents\github\mdoairb\framework\Optimization\objective_function     - INFO - Exception ocurred during calculations
2021-07-01 10:10:57,930 - c:\users\aarc8\documents\github\mdoairb\framework\Optimization\objective_function     - INFO - Aircraft not passed sizing and checks, profit: 0
2021-07-01 10:10:57,937 - c:\users\aarc8\documents\github\mdoairb\framework\Optimization\objective_function     - INFO - Network profit excecution time: 0:00:00.027983
2021-07-01 10:10:57,937 - c:\users\aarc8\documents\github\mdoairb\framework\Optimization\objective_function     - INFO - ==== End network profit module ====
2021-07-01 10:10:57,943 - c:\users\aarc8\documents\github\mdoairb\framework\Optimization\objective_function     - INFO - ==== Start network profit module ====
2021-07-01 10:10:57,955 - c:\users\aarc8\documents\github\mdoairb\framework\Optimization\objective_function     - ERROR - >>>>>>>>>> Error at <<<<<<<<<<<< airplane_sizing
Traceback (most recent call last):
  File "c:\users\aarc8\documents\github\mdoairb\framework\Optimization\objective_function.py", line 81, in objective_function
    status, flags, vehicle = airplane_sizing(vehicle,x)
  File "c:\users\aarc8\documents\github\mdoairb\framework\Sizing\airplane_sizing_check.py", line 205, in airplane_sizing
    vehicle = fuselage_cross_section(vehicle)
  File "c:\users\aarc8\documents\github\mdoairb\framework\Sizing\Geometry\fuselage_sizing.py", line 46, in fuselage_cross_section
    seat_cushion_width_YC = fuselage['seat_width']
KeyError: 'seat_width'
2021-07-01 10:10:57,959 - c:\users\aarc8\documents\github\mdoairb\framework\Optimization\objective_function     - ERROR - >>>>>>>>>> Error at <<<<<<<<<<<< objective_function
Traceback (most recent call last):
  File "c:\users\aarc8\documents\github\mdoairb\framework\Optimization\objective_function.py", line 92, in objective_function
    if status == 0:
UnboundLocalError: local variable 'status' referenced before assignment
2021-07-01 10:10:57,962 - c:\users\aarc8\documents\github\mdoairb\framework\Optimization\objective_function     - INFO - Exception ocurred during calculations
2021-07-01 10:10:57,963 - c:\users\aarc8\documents\github\mdoairb\framework\Optimization\objective_function     - INFO - Aircraft not passed sizing and checks, profit: 0
2021-07-01 10:10:57,968 - c:\users\aarc8\documents\github\mdoairb\framework\Optimization\objective_function     - INFO - Network profit excecution time: 0:00:00.023989
2021-07-01 10:10:57,969 - c:\users\aarc8\documents\github\mdoairb\framework\Optimization\objective_function     - INFO - ==== End network profit module ====
2021-07-01 10:10:57,971 - c:\users\aarc8\documents\github\mdoairb\framework\Optimization\objective_function     - INFO - ==== Start network profit module ====
2021-07-01 10:10:57,987 - c:\users\aarc8\documents\github\mdoairb\framework\Optimization\objective_function     - ERROR - >>>>>>>>>> Error at <<<<<<<<<<<< airplane_sizing
Traceback (most recent call last):
  File "c:\users\aarc8\documents\github\mdoairb\framework\Optimization\objective_function.py", line 81, in objective_function
    status, flags, vehicle = airplane_sizing(vehicle,x)
  File "c:\users\aarc8\documents\github\mdoairb\framework\Sizing\airplane_sizing_check.py", line 205, in airplane_sizing
    vehicle = fuselage_cross_section(vehicle)
  File "c:\users\aarc8\documents\github\mdoairb\framework\Sizing\Geometry\fuselage_sizing.py", line 46, in fuselage_cross_section
    seat_cushion_width_YC = fuselage['seat_width']
KeyError: 'seat_width'
2021-07-01 10:10:57,992 - c:\users\aarc8\documents\github\mdoairb\framework\Optimization\objective_function     - ERROR - >>>>>>>>>> Error at <<<<<<<<<<<< objective_function
Traceback (most recent call last):
  File "c:\users\aarc8\documents\github\mdoairb\framework\Optimization\objective_function.py", line 92, in objective_function
    if status == 0:
UnboundLocalError: local variable 'status' referenced before assignment
2021-07-01 10:10:57,997 - c:\users\aarc8\documents\github\mdoairb\framework\Optimization\objective_function     - INFO - Exception ocurred during calculations
2021-07-01 10:10:58,002 - c:\users\aarc8\documents\github\mdoairb\framework\Optimization\objective_function     - INFO - Aircraft not passed sizing and checks, profit: 0
2021-07-01 10:10:58,005 - c:\users\aarc8\documents\github\mdoairb\framework\Optimization\objective_function     - INFO - Network profit excecution time: 0:00:00.030977
2021-07-01 10:10:58,006 - c:\users\aarc8\documents\github\mdoairb\framework\Optimization\objective_function     - INFO - ==== End network profit module ====
2021-07-01 10:10:58,007 - c:\users\aarc8\documents\github\mdoairb\framework\Optimization\objective_function     - INFO - ==== Start network profit module ====
2021-07-01 10:10:58,021 - c:\users\aarc8\documents\github\mdoairb\framework\Optimization\objective_function     - ERROR - >>>>>>>>>> Error at <<<<<<<<<<<< airplane_sizing
Traceback (most recent call last):
  File "c:\users\aarc8\documents\github\mdoairb\framework\Optimization\objective_function.py", line 81, in objective_function
    status, flags, vehicle = airplane_sizing(vehicle,x)
  File "c:\users\aarc8\documents\github\mdoairb\framework\Sizing\airplane_sizing_check.py", line 205, in airplane_sizing
    vehicle = fuselage_cross_section(vehicle)
  File "c:\users\aarc8\documents\github\mdoairb\framework\Sizing\Geometry\fuselage_sizing.py", line 46, in fuselage_cross_section
    seat_cushion_width_YC = fuselage['seat_width']
KeyError: 'seat_width'
2021-07-01 10:10:58,023 - c:\users\aarc8\documents\github\mdoairb\framework\Optimization\objective_function     - ERROR - >>>>>>>>>> Error at <<<<<<<<<<<< objective_function
Traceback (most recent call last):
  File "c:\users\aarc8\documents\github\mdoairb\framework\Optimization\objective_function.py", line 92, in objective_function
    if status == 0:
UnboundLocalError: local variable 'status' referenced before assignment
2021-07-01 10:10:58,027 - c:\users\aarc8\documents\github\mdoairb\framework\Optimization\objective_function     - INFO - Exception ocurred during calculations
2021-07-01 10:10:58,028 - c:\users\aarc8\documents\github\mdoairb\framework\Optimization\objective_function     - INFO - Aircraft not passed sizing and checks, profit: 0
2021-07-01 10:10:58,041 - c:\users\aarc8\documents\github\mdoairb\framework\Optimization\objective_function     - INFO - Network profit excecution time: 0:00:00.031982
2021-07-01 10:10:58,042 - c:\users\aarc8\documents\github\mdoairb\framework\Optimization\objective_function     - INFO - ==== End network profit module ====
2021-07-01 10:10:58,043 - c:\users\aarc8\documents\github\mdoairb\framework\Optimization\objective_function     - INFO - ==== Start network profit module ====
2021-07-01 10:10:58,054 - c:\users\aarc8\documents\github\mdoairb\framework\Optimization\objective_function     - ERROR - >>>>>>>>>> Error at <<<<<<<<<<<< airplane_sizing
Traceback (most recent call last):
  File "c:\users\aarc8\documents\github\mdoairb\framework\Optimization\objective_function.py", line 81, in objective_function
    status, flags, vehicle = airplane_sizing(vehicle,x)
  File "c:\users\aarc8\documents\github\mdoairb\framework\Sizing\airplane_sizing_check.py", line 205, in airplane_sizing
    vehicle = fuselage_cross_section(vehicle)
  File "c:\users\aarc8\documents\github\mdoairb\framework\Sizing\Geometry\fuselage_sizing.py", line 46, in fuselage_cross_section
    seat_cushion_width_YC = fuselage['seat_width']
KeyError: 'seat_width'
2021-07-01 10:10:58,057 - c:\users\aarc8\documents\github\mdoairb\framework\Optimization\objective_function     - ERROR - >>>>>>>>>> Error at <<<<<<<<<<<< objective_function
Traceback (most recent call last):
  File "c:\users\aarc8\documents\github\mdoairb\framework\Optimization\objective_function.py", line 92, in objective_function
    if status == 0:
UnboundLocalError: local variable 'status' referenced before assignment
2021-07-01 10:10:58,059 - c:\users\aarc8\documents\github\mdoairb\framework\Optimization\objective_function     - INFO - Exception ocurred during calculations
2021-07-01 10:10:58,060 - c:\users\aarc8\documents\github\mdoairb\framework\Optimization\objective_function     - INFO - Aircraft not passed sizing and checks, profit: 0
2021-07-01 10:10:58,062 - c:\users\aarc8\documents\github\mdoairb\framework\Optimization\objective_function     - INFO - Network profit excecution time: 0:00:00.018989
2021-07-01 10:10:58,063 - c:\users\aarc8\documents\github\mdoairb\framework\Optimization\objective_function     - INFO - ==== End network profit module ====
2021-07-01 10:10:58,063 - c:\users\aarc8\documents\github\mdoairb\framework\Optimization\objective_function     - INFO - ==== Start network profit module ====
2021-07-01 10:10:58,078 - c:\users\aarc8\documents\github\mdoairb\framework\Optimization\objective_function     - ERROR - >>>>>>>>>> Error at <<<<<<<<<<<< airplane_sizing
Traceback (most recent call last):
  File "c:\users\aarc8\documents\github\mdoairb\framework\Optimization\objective_function.py", line 81, in objective_function
    status, flags, vehicle = airplane_sizing(vehicle,x)
  File "c:\users\aarc8\documents\github\mdoairb\framework\Sizing\airplane_sizing_check.py", line 205, in airplane_sizing
    vehicle = fuselage_cross_section(vehicle)
  File "c:\users\aarc8\documents\github\mdoairb\framework\Sizing\Geometry\fuselage_sizing.py", line 46, in fuselage_cross_section
    seat_cushion_width_YC = fuselage['seat_width']
KeyError: 'seat_width'
2021-07-01 10:10:58,084 - c:\users\aarc8\documents\github\mdoairb\framework\Optimization\objective_function     - ERROR - >>>>>>>>>> Error at <<<<<<<<<<<< objective_function
Traceback (most recent call last):
  File "c:\users\aarc8\documents\github\mdoairb\framework\Optimization\objective_function.py", line 92, in objective_function
    if status == 0:
UnboundLocalError: local variable 'status' referenced before assignment
2021-07-01 10:10:58,088 - c:\users\aarc8\documents\github\mdoairb\framework\Optimization\objective_function     - INFO - Exception ocurred during calculations
2021-07-01 10:10:58,090 - c:\users\aarc8\documents\github\mdoairb\framework\Optimization\objective_function     - INFO - Aircraft not passed sizing and checks, profit: 0
2021-07-01 10:10:58,093 - c:\users\aarc8\documents\github\mdoairb\framework\Optimization\objective_function     - INFO - Network profit excecution time: 0:00:00.028985
2021-07-01 10:10:58,097 - c:\users\aarc8\documents\github\mdoairb\framework\Optimization\objective_function     - INFO - ==== End network profit module ====
2021-07-01 10:10:58,106 - c:\users\aarc8\documents\github\mdoairb\framework\Optimization\objective_function     - INFO - ==== Start network profit module ====
2021-07-01 10:10:58,121 - c:\users\aarc8\documents\github\mdoairb\framework\Optimization\objective_function     - ERROR - >>>>>>>>>> Error at <<<<<<<<<<<< airplane_sizing
Traceback (most recent call last):
  File "c:\users\aarc8\documents\github\mdoairb\framework\Optimization\objective_function.py", line 81, in objective_function
    status, flags, vehicle = airplane_sizing(vehicle,x)
  File "c:\users\aarc8\documents\github\mdoairb\framework\Sizing\airplane_sizing_check.py", line 205, in airplane_sizing
    vehicle = fuselage_cross_section(vehicle)
  File "c:\users\aarc8\documents\github\mdoairb\framework\Sizing\Geometry\fuselage_sizing.py", line 46, in fuselage_cross_section
    seat_cushion_width_YC = fuselage['seat_width']
KeyError: 'seat_width'
2021-07-01 10:10:58,129 - c:\users\aarc8\documents\github\mdoairb\framework\Optimization\objective_function     - ERROR - >>>>>>>>>> Error at <<<<<<<<<<<< objective_function
Traceback (most recent call last):
  File "c:\users\aarc8\documents\github\mdoairb\framework\Optimization\objective_function.py", line 92, in objective_function
    if status == 0:
UnboundLocalError: local variable 'status' referenced before assignment
2021-07-01 10:10:58,136 - c:\users\aarc8\documents\github\mdoairb\framework\Optimization\objective_function     - INFO - Exception ocurred during calculations
2021-07-01 10:10:58,140 - c:\users\aarc8\documents\github\mdoairb\framework\Optimization\objective_function     - INFO - Aircraft not passed sizing and checks, profit: 0
2021-07-01 10:10:58,144 - c:\users\aarc8\documents\github\mdoairb\framework\Optimization\objective_function     - INFO - Network profit excecution time: 0:00:00.036979
2021-07-01 10:10:58,147 - c:\users\aarc8\documents\github\mdoairb\framework\Optimization\objective_function     - INFO - ==== End network profit module ====
2021-07-01 10:10:58,149 - c:\users\aarc8\documents\github\mdoairb\framework\Optimization\objective_function     - INFO - ==== Start network profit module ====
2021-07-01 10:10:58,164 - c:\users\aarc8\documents\github\mdoairb\framework\Optimization\objective_function     - ERROR - >>>>>>>>>> Error at <<<<<<<<<<<< airplane_sizing
Traceback (most recent call last):
  File "c:\users\aarc8\documents\github\mdoairb\framework\Optimization\objective_function.py", line 81, in objective_function
    status, flags, vehicle = airplane_sizing(vehicle,x)
  File "c:\users\aarc8\documents\github\mdoairb\framework\Sizing\airplane_sizing_check.py", line 205, in airplane_sizing
    vehicle = fuselage_cross_section(vehicle)
  File "c:\users\aarc8\documents\github\mdoairb\framework\Sizing\Geometry\fuselage_sizing.py", line 46, in fuselage_cross_section
    seat_cushion_width_YC = fuselage['seat_width']
KeyError: 'seat_width'
2021-07-01 10:10:58,171 - c:\users\aarc8\documents\github\mdoairb\framework\Optimization\objective_function     - ERROR - >>>>>>>>>> Error at <<<<<<<<<<<< objective_function
Traceback (most recent call last):
  File "c:\users\aarc8\documents\github\mdoairb\framework\Optimization\objective_function.py", line 92, in objective_function
    if status == 0:
UnboundLocalError: local variable 'status' referenced before assignment
2021-07-01 10:10:58,181 - c:\users\aarc8\documents\github\mdoairb\framework\Optimization\objective_function     - INFO - Exception ocurred during calculations
2021-07-01 10:10:58,193 - c:\users\aarc8\documents\github\mdoairb\framework\Optimization\objective_function     - INFO - Aircraft not passed sizing and checks, profit: 0
2021-07-01 10:10:58,204 - c:\users\aarc8\documents\github\mdoairb\framework\Optimization\objective_function     - INFO - Network profit excecution time: 0:00:00.052974
2021-07-01 10:10:58,205 - c:\users\aarc8\documents\github\mdoairb\framework\Optimization\objective_function     - INFO - ==== End network profit module ====
2021-07-01 10:10:58,206 - c:\users\aarc8\documents\github\mdoairb\framework\Optimization\objective_function     - INFO - ==== Start network profit module ====
2021-07-01 10:10:58,220 - c:\users\aarc8\documents\github\mdoairb\framework\Optimization\objective_function     - ERROR - >>>>>>>>>> Error at <<<<<<<<<<<< airplane_sizing
Traceback (most recent call last):
  File "c:\users\aarc8\documents\github\mdoairb\framework\Optimization\objective_function.py", line 81, in objective_function
    status, flags, vehicle = airplane_sizing(vehicle,x)
  File "c:\users\aarc8\documents\github\mdoairb\framework\Sizing\airplane_sizing_check.py", line 205, in airplane_sizing
    vehicle = fuselage_cross_section(vehicle)
  File "c:\users\aarc8\documents\github\mdoairb\framework\Sizing\Geometry\fuselage_sizing.py", line 46, in fuselage_cross_section
    seat_cushion_width_YC = fuselage['seat_width']
KeyError: 'seat_width'
2021-07-01 10:10:58,224 - c:\users\aarc8\documents\github\mdoairb\framework\Optimization\objective_function     - ERROR - >>>>>>>>>> Error at <<<<<<<<<<<< objective_function
Traceback (most recent call last):
  File "c:\users\aarc8\documents\github\mdoairb\framework\Optimization\objective_function.py", line 92, in objective_function
    if status == 0:
UnboundLocalError: local variable 'status' referenced before assignment
2021-07-01 10:10:58,227 - c:\users\aarc8\documents\github\mdoairb\framework\Optimization\objective_function     - INFO - Exception ocurred during calculations
2021-07-01 10:10:58,228 - c:\users\aarc8\documents\github\mdoairb\framework\Optimization\objective_function     - INFO - Aircraft not passed sizing and checks, profit: 0
2021-07-01 10:10:58,229 - c:\users\aarc8\documents\github\mdoairb\framework\Optimization\objective_function     - INFO - Network profit excecution time: 0:00:00.021987
2021-07-01 10:10:58,235 - c:\users\aarc8\documents\github\mdoairb\framework\Optimization\objective_function     - INFO - ==== End network profit module ====
2021-07-01 10:10:58,237 - c:\users\aarc8\documents\github\mdoairb\framework\Optimization\objective_function     - INFO - ==== Start network profit module ====
2021-07-01 10:10:58,257 - c:\users\aarc8\documents\github\mdoairb\framework\Optimization\objective_function     - ERROR - >>>>>>>>>> Error at <<<<<<<<<<<< airplane_sizing
Traceback (most recent call last):
  File "c:\users\aarc8\documents\github\mdoairb\framework\Optimization\objective_function.py", line 81, in objective_function
    status, flags, vehicle = airplane_sizing(vehicle,x)
  File "c:\users\aarc8\documents\github\mdoairb\framework\Sizing\airplane_sizing_check.py", line 205, in airplane_sizing
    vehicle = fuselage_cross_section(vehicle)
  File "c:\users\aarc8\documents\github\mdoairb\framework\Sizing\Geometry\fuselage_sizing.py", line 46, in fuselage_cross_section
    seat_cushion_width_YC = fuselage['seat_width']
KeyError: 'seat_width'
2021-07-01 10:10:58,261 - c:\users\aarc8\documents\github\mdoairb\framework\Optimization\objective_function     - ERROR - >>>>>>>>>> Error at <<<<<<<<<<<< objective_function
Traceback (most recent call last):
  File "c:\users\aarc8\documents\github\mdoairb\framework\Optimization\objective_function.py", line 92, in objective_function
    if status == 0:
UnboundLocalError: local variable 'status' referenced before assignment
2021-07-01 10:10:58,263 - c:\users\aarc8\documents\github\mdoairb\framework\Optimization\objective_function     - INFO - Exception ocurred during calculations
2021-07-01 10:10:58,264 - c:\users\aarc8\documents\github\mdoairb\framework\Optimization\objective_function     - INFO - Aircraft not passed sizing and checks, profit: 0
2021-07-01 10:10:58,270 - c:\users\aarc8\documents\github\mdoairb\framework\Optimization\objective_function     - INFO - Network profit excecution time: 0:00:00.031978
2021-07-01 10:10:58,271 - c:\users\aarc8\documents\github\mdoairb\framework\Optimization\objective_function     - INFO - ==== End network profit module ====
2021-07-01 10:10:58,272 - c:\users\aarc8\documents\github\mdoairb\framework\Optimization\objective_function     - INFO - ==== Start network profit module ====
2021-07-01 10:10:58,286 - c:\users\aarc8\documents\github\mdoairb\framework\Optimization\objective_function     - ERROR - >>>>>>>>>> Error at <<<<<<<<<<<< airplane_sizing
Traceback (most recent call last):
  File "c:\users\aarc8\documents\github\mdoairb\framework\Optimization\objective_function.py", line 81, in objective_function
    status, flags, vehicle = airplane_sizing(vehicle,x)
  File "c:\users\aarc8\documents\github\mdoairb\framework\Sizing\airplane_sizing_check.py", line 205, in airplane_sizing
    vehicle = fuselage_cross_section(vehicle)
  File "c:\users\aarc8\documents\github\mdoairb\framework\Sizing\Geometry\fuselage_sizing.py", line 46, in fuselage_cross_section
    seat_cushion_width_YC = fuselage['seat_width']
KeyError: 'seat_width'
2021-07-01 10:10:58,289 - c:\users\aarc8\documents\github\mdoairb\framework\Optimization\objective_function     - ERROR - >>>>>>>>>> Error at <<<<<<<<<<<< objective_function
Traceback (most recent call last):
  File "c:\users\aarc8\documents\github\mdoairb\framework\Optimization\objective_function.py", line 92, in objective_function
    if status == 0:
UnboundLocalError: local variable 'status' referenced before assignment
2021-07-01 10:10:58,291 - c:\users\aarc8\documents\github\mdoairb\framework\Optimization\objective_function     - INFO - Exception ocurred during calculations
2021-07-01 10:10:58,292 - c:\users\aarc8\documents\github\mdoairb\framework\Optimization\objective_function     - INFO - Aircraft not passed sizing and checks, profit: 0
2021-07-01 10:10:58,296 - c:\users\aarc8\documents\github\mdoairb\framework\Optimization\objective_function     - INFO - Network profit excecution time: 0:00:00.023989
2021-07-01 10:10:58,297 - c:\users\aarc8\documents\github\mdoairb\framework\Optimization\objective_function     - INFO - ==== End network profit module ====
2021-07-01 10:10:58,306 - c:\users\aarc8\documents\github\mdoairb\framework\Optimization\objective_function     - INFO - ==== Start network profit module ====
2021-07-01 10:10:58,325 - c:\users\aarc8\documents\github\mdoairb\framework\Optimization\objective_function     - ERROR - >>>>>>>>>> Error at <<<<<<<<<<<< airplane_sizing
Traceback (most recent call last):
  File "c:\users\aarc8\documents\github\mdoairb\framework\Optimization\objective_function.py", line 81, in objective_function
    status, flags, vehicle = airplane_sizing(vehicle,x)
  File "c:\users\aarc8\documents\github\mdoairb\framework\Sizing\airplane_sizing_check.py", line 205, in airplane_sizing
    vehicle = fuselage_cross_section(vehicle)
  File "c:\users\aarc8\documents\github\mdoairb\framework\Sizing\Geometry\fuselage_sizing.py", line 46, in fuselage_cross_section
    seat_cushion_width_YC = fuselage['seat_width']
KeyError: 'seat_width'
2021-07-01 10:10:58,329 - c:\users\aarc8\documents\github\mdoairb\framework\Optimization\objective_function     - ERROR - >>>>>>>>>> Error at <<<<<<<<<<<< objective_function
Traceback (most recent call last):
  File "c:\users\aarc8\documents\github\mdoairb\framework\Optimization\objective_function.py", line 92, in objective_function
    if status == 0:
UnboundLocalError: local variable 'status' referenced before assignment
2021-07-01 10:10:58,340 - c:\users\aarc8\documents\github\mdoairb\framework\Optimization\objective_function     - INFO - Exception ocurred during calculations
2021-07-01 10:10:58,341 - c:\users\aarc8\documents\github\mdoairb\framework\Optimization\objective_function     - INFO - Aircraft not passed sizing and checks, profit: 0
2021-07-01 10:10:58,343 - c:\users\aarc8\documents\github\mdoairb\framework\Optimization\objective_function     - INFO - Network profit excecution time: 0:00:00.034978
2021-07-01 10:10:58,344 - c:\users\aarc8\documents\github\mdoairb\framework\Optimization\objective_function     - INFO - ==== End network profit module ====
2021-07-01 10:10:58,346 - c:\users\aarc8\documents\github\mdoairb\framework\Optimization\objective_function     - INFO - ==== Start network profit module ====
2021-07-01 10:10:58,360 - c:\users\aarc8\documents\github\mdoairb\framework\Optimization\objective_function     - ERROR - >>>>>>>>>> Error at <<<<<<<<<<<< airplane_sizing
Traceback (most recent call last):
  File "c:\users\aarc8\documents\github\mdoairb\framework\Optimization\objective_function.py", line 81, in objective_function
    status, flags, vehicle = airplane_sizing(vehicle,x)
  File "c:\users\aarc8\documents\github\mdoairb\framework\Sizing\airplane_sizing_check.py", line 205, in airplane_sizing
    vehicle = fuselage_cross_section(vehicle)
  File "c:\users\aarc8\documents\github\mdoairb\framework\Sizing\Geometry\fuselage_sizing.py", line 46, in fuselage_cross_section
    seat_cushion_width_YC = fuselage['seat_width']
KeyError: 'seat_width'
2021-07-01 10:10:58,369 - c:\users\aarc8\documents\github\mdoairb\framework\Optimization\objective_function     - ERROR - >>>>>>>>>> Error at <<<<<<<<<<<< objective_function
Traceback (most recent call last):
  File "c:\users\aarc8\documents\github\mdoairb\framework\Optimization\objective_function.py", line 92, in objective_function
    if status == 0:
UnboundLocalError: local variable 'status' referenced before assignment
2021-07-01 10:10:58,372 - c:\users\aarc8\documents\github\mdoairb\framework\Optimization\objective_function     - INFO - Exception ocurred during calculations
2021-07-01 10:10:58,373 - c:\users\aarc8\documents\github\mdoairb\framework\Optimization\objective_function     - INFO - Aircraft not passed sizing and checks, profit: 0
2021-07-01 10:10:58,375 - c:\users\aarc8\documents\github\mdoairb\framework\Optimization\objective_function     - INFO - Network profit excecution time: 0:00:00.027983
2021-07-01 10:10:58,376 - c:\users\aarc8\documents\github\mdoairb\framework\Optimization\objective_function     - INFO - ==== End network profit module ====
2021-07-01 10:10:58,377 - c:\users\aarc8\documents\github\mdoairb\framework\Optimization\objective_function     - INFO - ==== Start network profit module ====
2021-07-01 10:10:58,392 - c:\users\aarc8\documents\github\mdoairb\framework\Optimization\objective_function     - ERROR - >>>>>>>>>> Error at <<<<<<<<<<<< airplane_sizing
Traceback (most recent call last):
  File "c:\users\aarc8\documents\github\mdoairb\framework\Optimization\objective_function.py", line 81, in objective_function
    status, flags, vehicle = airplane_sizing(vehicle,x)
  File "c:\users\aarc8\documents\github\mdoairb\framework\Sizing\airplane_sizing_check.py", line 205, in airplane_sizing
    vehicle = fuselage_cross_section(vehicle)
  File "c:\users\aarc8\documents\github\mdoairb\framework\Sizing\Geometry\fuselage_sizing.py", line 46, in fuselage_cross_section
    seat_cushion_width_YC = fuselage['seat_width']
KeyError: 'seat_width'
2021-07-01 10:10:58,408 - c:\users\aarc8\documents\github\mdoairb\framework\Optimization\objective_function     - ERROR - >>>>>>>>>> Error at <<<<<<<<<<<< objective_function
Traceback (most recent call last):
  File "c:\users\aarc8\documents\github\mdoairb\framework\Optimization\objective_function.py", line 92, in objective_function
    if status == 0:
UnboundLocalError: local variable 'status' referenced before assignment
2021-07-01 10:10:58,412 - c:\users\aarc8\documents\github\mdoairb\framework\Optimization\objective_function     - INFO - Exception ocurred during calculations
2021-07-01 10:10:58,413 - c:\users\aarc8\documents\github\mdoairb\framework\Optimization\objective_function     - INFO - Aircraft not passed sizing and checks, profit: 0
2021-07-01 10:10:58,423 - c:\users\aarc8\documents\github\mdoairb\framework\Optimization\objective_function     - INFO - Network profit excecution time: 0:00:00.043544
2021-07-01 10:10:58,425 - c:\users\aarc8\documents\github\mdoairb\framework\Optimization\objective_function     - INFO - ==== End network profit module ====
2021-07-01 10:10:58,437 - c:\users\aarc8\documents\github\mdoairb\framework\Optimization\objective_function     - INFO - ==== Start network profit module ====
2021-07-01 10:10:58,463 - c:\users\aarc8\documents\github\mdoairb\framework\Optimization\objective_function     - ERROR - >>>>>>>>>> Error at <<<<<<<<<<<< airplane_sizing
Traceback (most recent call last):
  File "c:\users\aarc8\documents\github\mdoairb\framework\Optimization\objective_function.py", line 81, in objective_function
    status, flags, vehicle = airplane_sizing(vehicle,x)
  File "c:\users\aarc8\documents\github\mdoairb\framework\Sizing\airplane_sizing_check.py", line 205, in airplane_sizing
    vehicle = fuselage_cross_section(vehicle)
  File "c:\users\aarc8\documents\github\mdoairb\framework\Sizing\Geometry\fuselage_sizing.py", line 46, in fuselage_cross_section
    seat_cushion_width_YC = fuselage['seat_width']
KeyError: 'seat_width'
2021-07-01 10:10:58,475 - c:\users\aarc8\documents\github\mdoairb\framework\Optimization\objective_function     - ERROR - >>>>>>>>>> Error at <<<<<<<<<<<< objective_function
Traceback (most recent call last):
  File "c:\users\aarc8\documents\github\mdoairb\framework\Optimization\objective_function.py", line 92, in objective_function
    if status == 0:
UnboundLocalError: local variable 'status' referenced before assignment
2021-07-01 10:10:58,480 - c:\users\aarc8\documents\github\mdoairb\framework\Optimization\objective_function     - INFO - Exception ocurred during calculations
2021-07-01 10:10:58,482 - c:\users\aarc8\documents\github\mdoairb\framework\Optimization\objective_function     - INFO - Aircraft not passed sizing and checks, profit: 0
2021-07-01 10:10:58,495 - c:\users\aarc8\documents\github\mdoairb\framework\Optimization\objective_function     - INFO - Network profit excecution time: 0:00:00.052498
2021-07-01 10:10:58,496 - c:\users\aarc8\documents\github\mdoairb\framework\Optimization\objective_function     - INFO - ==== End network profit module ====
2021-07-01 10:10:58,497 - c:\users\aarc8\documents\github\mdoairb\framework\Optimization\objective_function     - INFO - ==== Start network profit module ====
2021-07-01 10:10:58,529 - c:\users\aarc8\documents\github\mdoairb\framework\Optimization\objective_function     - ERROR - >>>>>>>>>> Error at <<<<<<<<<<<< airplane_sizing
Traceback (most recent call last):
  File "c:\users\aarc8\documents\github\mdoairb\framework\Optimization\objective_function.py", line 81, in objective_function
    status, flags, vehicle = airplane_sizing(vehicle,x)
  File "c:\users\aarc8\documents\github\mdoairb\framework\Sizing\airplane_sizing_check.py", line 205, in airplane_sizing
    vehicle = fuselage_cross_section(vehicle)
  File "c:\users\aarc8\documents\github\mdoairb\framework\Sizing\Geometry\fuselage_sizing.py", line 46, in fuselage_cross_section
    seat_cushion_width_YC = fuselage['seat_width']
KeyError: 'seat_width'
2021-07-01 10:10:58,547 - c:\users\aarc8\documents\github\mdoairb\framework\Optimization\objective_function     - ERROR - >>>>>>>>>> Error at <<<<<<<<<<<< objective_function
Traceback (most recent call last):
  File "c:\users\aarc8\documents\github\mdoairb\framework\Optimization\objective_function.py", line 92, in objective_function
    if status == 0:
UnboundLocalError: local variable 'status' referenced before assignment
2021-07-01 10:10:58,550 - c:\users\aarc8\documents\github\mdoairb\framework\Optimization\objective_function     - INFO - Exception ocurred during calculations
2021-07-01 10:10:58,551 - c:\users\aarc8\documents\github\mdoairb\framework\Optimization\objective_function     - INFO - Aircraft not passed sizing and checks, profit: 0
2021-07-01 10:10:58,565 - c:\users\aarc8\documents\github\mdoairb\framework\Optimization\objective_function     - INFO - Network profit excecution time: 0:00:00.067963
2021-07-01 10:10:58,574 - c:\users\aarc8\documents\github\mdoairb\framework\Optimization\objective_function     - INFO - ==== End network profit module ====
2021-07-01 10:10:58,585 - c:\users\aarc8\documents\github\mdoairb\framework\Optimization\objective_function     - INFO - ==== Start network profit module ====
2021-07-01 10:10:58,614 - c:\users\aarc8\documents\github\mdoairb\framework\Optimization\objective_function     - ERROR - >>>>>>>>>> Error at <<<<<<<<<<<< airplane_sizing
Traceback (most recent call last):
  File "c:\users\aarc8\documents\github\mdoairb\framework\Optimization\objective_function.py", line 81, in objective_function
    status, flags, vehicle = airplane_sizing(vehicle,x)
  File "c:\users\aarc8\documents\github\mdoairb\framework\Sizing\airplane_sizing_check.py", line 205, in airplane_sizing
    vehicle = fuselage_cross_section(vehicle)
  File "c:\users\aarc8\documents\github\mdoairb\framework\Sizing\Geometry\fuselage_sizing.py", line 46, in fuselage_cross_section
    seat_cushion_width_YC = fuselage['seat_width']
KeyError: 'seat_width'
2021-07-01 10:10:58,626 - c:\users\aarc8\documents\github\mdoairb\framework\Optimization\objective_function     - ERROR - >>>>>>>>>> Error at <<<<<<<<<<<< objective_function
Traceback (most recent call last):
  File "c:\users\aarc8\documents\github\mdoairb\framework\Optimization\objective_function.py", line 92, in objective_function
    if status == 0:
UnboundLocalError: local variable 'status' referenced before assignment
2021-07-01 10:10:58,629 - c:\users\aarc8\documents\github\mdoairb\framework\Optimization\objective_function     - INFO - Exception ocurred during calculations
2021-07-01 10:10:58,631 - c:\users\aarc8\documents\github\mdoairb\framework\Optimization\objective_function     - INFO - Aircraft not passed sizing and checks, profit: 0
2021-07-01 10:10:58,636 - c:\users\aarc8\documents\github\mdoairb\framework\Optimization\objective_function     - INFO - Network profit excecution time: 0:00:00.044029
2021-07-01 10:10:58,640 - c:\users\aarc8\documents\github\mdoairb\framework\Optimization\objective_function     - INFO - ==== End network profit module ====
2021-07-01 10:10:58,644 - c:\users\aarc8\documents\github\mdoairb\framework\Optimization\objective_function     - INFO - ==== Start network profit module ====
2021-07-01 10:10:58,678 - c:\users\aarc8\documents\github\mdoairb\framework\Optimization\objective_function     - ERROR - >>>>>>>>>> Error at <<<<<<<<<<<< airplane_sizing
Traceback (most recent call last):
  File "c:\users\aarc8\documents\github\mdoairb\framework\Optimization\objective_function.py", line 81, in objective_function
    status, flags, vehicle = airplane_sizing(vehicle,x)
  File "c:\users\aarc8\documents\github\mdoairb\framework\Sizing\airplane_sizing_check.py", line 205, in airplane_sizing
    vehicle = fuselage_cross_section(vehicle)
  File "c:\users\aarc8\documents\github\mdoairb\framework\Sizing\Geometry\fuselage_sizing.py", line 46, in fuselage_cross_section
    seat_cushion_width_YC = fuselage['seat_width']
KeyError: 'seat_width'
2021-07-01 10:10:58,692 - c:\users\aarc8\documents\github\mdoairb\framework\Optimization\objective_function     - ERROR - >>>>>>>>>> Error at <<<<<<<<<<<< objective_function
Traceback (most recent call last):
  File "c:\users\aarc8\documents\github\mdoairb\framework\Optimization\objective_function.py", line 92, in objective_function
    if status == 0:
UnboundLocalError: local variable 'status' referenced before assignment
2021-07-01 10:10:58,706 - c:\users\aarc8\documents\github\mdoairb\framework\Optimization\objective_function     - INFO - Exception ocurred during calculations
2021-07-01 10:10:58,712 - c:\users\aarc8\documents\github\mdoairb\framework\Optimization\objective_function     - INFO - Aircraft not passed sizing and checks, profit: 0
2021-07-01 10:10:58,723 - c:\users\aarc8\documents\github\mdoairb\framework\Optimization\objective_function     - INFO - Network profit excecution time: 0:00:00.075465
2021-07-01 10:10:58,724 - c:\users\aarc8\documents\github\mdoairb\framework\Optimization\objective_function     - INFO - ==== End network profit module ====
2021-07-01 10:10:58,725 - c:\users\aarc8\documents\github\mdoairb\framework\Optimization\objective_function     - INFO - ==== Start network profit module ====
2021-07-01 10:10:58,747 - c:\users\aarc8\documents\github\mdoairb\framework\Optimization\objective_function     - ERROR - >>>>>>>>>> Error at <<<<<<<<<<<< airplane_sizing
Traceback (most recent call last):
  File "c:\users\aarc8\documents\github\mdoairb\framework\Optimization\objective_function.py", line 81, in objective_function
    status, flags, vehicle = airplane_sizing(vehicle,x)
  File "c:\users\aarc8\documents\github\mdoairb\framework\Sizing\airplane_sizing_check.py", line 205, in airplane_sizing
    vehicle = fuselage_cross_section(vehicle)
  File "c:\users\aarc8\documents\github\mdoairb\framework\Sizing\Geometry\fuselage_sizing.py", line 46, in fuselage_cross_section
    seat_cushion_width_YC = fuselage['seat_width']
KeyError: 'seat_width'
2021-07-01 10:10:58,756 - c:\users\aarc8\documents\github\mdoairb\framework\Optimization\objective_function     - ERROR - >>>>>>>>>> Error at <<<<<<<<<<<< objective_function
Traceback (most recent call last):
  File "c:\users\aarc8\documents\github\mdoairb\framework\Optimization\objective_function.py", line 92, in objective_function
    if status == 0:
UnboundLocalError: local variable 'status' referenced before assignment
2021-07-01 10:10:58,761 - c:\users\aarc8\documents\github\mdoairb\framework\Optimization\objective_function     - INFO - Exception ocurred during calculations
2021-07-01 10:10:58,763 - c:\users\aarc8\documents\github\mdoairb\framework\Optimization\objective_function     - INFO - Aircraft not passed sizing and checks, profit: 0
2021-07-01 10:10:58,777 - c:\users\aarc8\documents\github\mdoairb\framework\Optimization\objective_function     - INFO - Network profit excecution time: 0:00:00.049972
2021-07-01 10:10:58,780 - c:\users\aarc8\documents\github\mdoairb\framework\Optimization\objective_function     - INFO - ==== End network profit module ====
2021-07-01 10:10:58,787 - c:\users\aarc8\documents\github\mdoairb\framework\Optimization\objective_function     - INFO - ==== Start network profit module ====
2021-07-01 10:10:58,805 - c:\users\aarc8\documents\github\mdoairb\framework\Optimization\objective_function     - ERROR - >>>>>>>>>> Error at <<<<<<<<<<<< airplane_sizing
Traceback (most recent call last):
  File "c:\users\aarc8\documents\github\mdoairb\framework\Optimization\objective_function.py", line 81, in objective_function
    status, flags, vehicle = airplane_sizing(vehicle,x)
  File "c:\users\aarc8\documents\github\mdoairb\framework\Sizing\airplane_sizing_check.py", line 205, in airplane_sizing
    vehicle = fuselage_cross_section(vehicle)
  File "c:\users\aarc8\documents\github\mdoairb\framework\Sizing\Geometry\fuselage_sizing.py", line 46, in fuselage_cross_section
    seat_cushion_width_YC = fuselage['seat_width']
KeyError: 'seat_width'
2021-07-01 10:10:58,812 - c:\users\aarc8\documents\github\mdoairb\framework\Optimization\objective_function     - ERROR - >>>>>>>>>> Error at <<<<<<<<<<<< objective_function
Traceback (most recent call last):
  File "c:\users\aarc8\documents\github\mdoairb\framework\Optimization\objective_function.py", line 92, in objective_function
    if status == 0:
UnboundLocalError: local variable 'status' referenced before assignment
2021-07-01 10:10:58,817 - c:\users\aarc8\documents\github\mdoairb\framework\Optimization\objective_function     - INFO - Exception ocurred during calculations
2021-07-01 10:10:58,818 - c:\users\aarc8\documents\github\mdoairb\framework\Optimization\objective_function     - INFO - Aircraft not passed sizing and checks, profit: 0
2021-07-01 10:10:58,821 - c:\users\aarc8\documents\github\mdoairb\framework\Optimization\objective_function     - INFO - Network profit excecution time: 0:00:00.031980
2021-07-01 10:10:58,825 - c:\users\aarc8\documents\github\mdoairb\framework\Optimization\objective_function     - INFO - ==== End network profit module ====
2021-07-01 10:10:58,837 - c:\users\aarc8\documents\github\mdoairb\framework\Optimization\objective_function     - INFO - ==== Start network profit module ====
2021-07-01 10:10:58,859 - c:\users\aarc8\documents\github\mdoairb\framework\Optimization\objective_function     - ERROR - >>>>>>>>>> Error at <<<<<<<<<<<< airplane_sizing
Traceback (most recent call last):
  File "c:\users\aarc8\documents\github\mdoairb\framework\Optimization\objective_function.py", line 81, in objective_function
    status, flags, vehicle = airplane_sizing(vehicle,x)
  File "c:\users\aarc8\documents\github\mdoairb\framework\Sizing\airplane_sizing_check.py", line 205, in airplane_sizing
    vehicle = fuselage_cross_section(vehicle)
  File "c:\users\aarc8\documents\github\mdoairb\framework\Sizing\Geometry\fuselage_sizing.py", line 46, in fuselage_cross_section
    seat_cushion_width_YC = fuselage['seat_width']
KeyError: 'seat_width'
2021-07-01 10:10:58,870 - c:\users\aarc8\documents\github\mdoairb\framework\Optimization\objective_function     - ERROR - >>>>>>>>>> Error at <<<<<<<<<<<< objective_function
Traceback (most recent call last):
  File "c:\users\aarc8\documents\github\mdoairb\framework\Optimization\objective_function.py", line 92, in objective_function
    if status == 0:
UnboundLocalError: local variable 'status' referenced before assignment
2021-07-01 10:10:58,873 - c:\users\aarc8\documents\github\mdoairb\framework\Optimization\objective_function     - INFO - Exception ocurred during calculations
2021-07-01 10:10:58,874 - c:\users\aarc8\documents\github\mdoairb\framework\Optimization\objective_function     - INFO - Aircraft not passed sizing and checks, profit: 0
2021-07-01 10:10:58,877 - c:\users\aarc8\documents\github\mdoairb\framework\Optimization\objective_function     - INFO - Network profit excecution time: 0:00:00.036981
2021-07-01 10:10:58,878 - c:\users\aarc8\documents\github\mdoairb\framework\Optimization\objective_function     - INFO - ==== End network profit module ====
2021-07-01 10:10:58,887 - c:\users\aarc8\documents\github\mdoairb\framework\Optimization\objective_function     - INFO - ==== Start network profit module ====
2021-07-01 10:10:58,909 - c:\users\aarc8\documents\github\mdoairb\framework\Optimization\objective_function     - ERROR - >>>>>>>>>> Error at <<<<<<<<<<<< airplane_sizing
Traceback (most recent call last):
  File "c:\users\aarc8\documents\github\mdoairb\framework\Optimization\objective_function.py", line 81, in objective_function
    status, flags, vehicle = airplane_sizing(vehicle,x)
  File "c:\users\aarc8\documents\github\mdoairb\framework\Sizing\airplane_sizing_check.py", line 205, in airplane_sizing
    vehicle = fuselage_cross_section(vehicle)
  File "c:\users\aarc8\documents\github\mdoairb\framework\Sizing\Geometry\fuselage_sizing.py", line 46, in fuselage_cross_section
    seat_cushion_width_YC = fuselage['seat_width']
KeyError: 'seat_width'
2021-07-01 10:10:58,913 - c:\users\aarc8\documents\github\mdoairb\framework\Optimization\objective_function     - ERROR - >>>>>>>>>> Error at <<<<<<<<<<<< objective_function
Traceback (most recent call last):
  File "c:\users\aarc8\documents\github\mdoairb\framework\Optimization\objective_function.py", line 92, in objective_function
    if status == 0:
UnboundLocalError: local variable 'status' referenced before assignment
2021-07-01 10:10:58,920 - c:\users\aarc8\documents\github\mdoairb\framework\Optimization\objective_function     - INFO - Exception ocurred during calculations
2021-07-01 10:10:58,927 - c:\users\aarc8\documents\github\mdoairb\framework\Optimization\objective_function     - INFO - Aircraft not passed sizing and checks, profit: 0
2021-07-01 10:10:58,930 - c:\users\aarc8\documents\github\mdoairb\framework\Optimization\objective_function     - INFO - Network profit excecution time: 0:00:00.040977
2021-07-01 10:10:58,932 - c:\users\aarc8\documents\github\mdoairb\framework\Optimization\objective_function     - INFO - ==== End network profit module ====
2021-07-01 10:10:58,936 - c:\users\aarc8\documents\github\mdoairb\framework\Optimization\objective_function     - INFO - ==== Start network profit module ====
2021-07-01 10:10:58,953 - c:\users\aarc8\documents\github\mdoairb\framework\Optimization\objective_function     - ERROR - >>>>>>>>>> Error at <<<<<<<<<<<< airplane_sizing
Traceback (most recent call last):
  File "c:\users\aarc8\documents\github\mdoairb\framework\Optimization\objective_function.py", line 81, in objective_function
    status, flags, vehicle = airplane_sizing(vehicle,x)
  File "c:\users\aarc8\documents\github\mdoairb\framework\Sizing\airplane_sizing_check.py", line 205, in airplane_sizing
    vehicle = fuselage_cross_section(vehicle)
  File "c:\users\aarc8\documents\github\mdoairb\framework\Sizing\Geometry\fuselage_sizing.py", line 46, in fuselage_cross_section
    seat_cushion_width_YC = fuselage['seat_width']
KeyError: 'seat_width'
2021-07-01 10:10:58,961 - c:\users\aarc8\documents\github\mdoairb\framework\Optimization\objective_function     - ERROR - >>>>>>>>>> Error at <<<<<<<<<<<< objective_function
Traceback (most recent call last):
  File "c:\users\aarc8\documents\github\mdoairb\framework\Optimization\objective_function.py", line 92, in objective_function
    if status == 0:
UnboundLocalError: local variable 'status' referenced before assignment
2021-07-01 10:10:58,973 - c:\users\aarc8\documents\github\mdoairb\framework\Optimization\objective_function     - INFO - Exception ocurred during calculations
2021-07-01 10:10:58,978 - c:\users\aarc8\documents\github\mdoairb\framework\Optimization\objective_function     - INFO - Aircraft not passed sizing and checks, profit: 0
2021-07-01 10:10:58,992 - c:\users\aarc8\documents\github\mdoairb\framework\Optimization\objective_function     - INFO - Network profit excecution time: 0:00:00.054968
2021-07-01 10:10:58,994 - c:\users\aarc8\documents\github\mdoairb\framework\Optimization\objective_function     - INFO - ==== End network profit module ====
2021-07-01 10:10:59,004 - c:\users\aarc8\documents\github\mdoairb\framework\Optimization\objective_function     - INFO - ==== Start network profit module ====
2021-07-01 10:10:59,023 - c:\users\aarc8\documents\github\mdoairb\framework\Optimization\objective_function     - ERROR - >>>>>>>>>> Error at <<<<<<<<<<<< airplane_sizing
Traceback (most recent call last):
  File "c:\users\aarc8\documents\github\mdoairb\framework\Optimization\objective_function.py", line 81, in objective_function
    status, flags, vehicle = airplane_sizing(vehicle,x)
  File "c:\users\aarc8\documents\github\mdoairb\framework\Sizing\airplane_sizing_check.py", line 205, in airplane_sizing
    vehicle = fuselage_cross_section(vehicle)
  File "c:\users\aarc8\documents\github\mdoairb\framework\Sizing\Geometry\fuselage_sizing.py", line 46, in fuselage_cross_section
    seat_cushion_width_YC = fuselage['seat_width']
KeyError: 'seat_width'
2021-07-01 10:10:59,028 - c:\users\aarc8\documents\github\mdoairb\framework\Optimization\objective_function     - ERROR - >>>>>>>>>> Error at <<<<<<<<<<<< objective_function
Traceback (most recent call last):
  File "c:\users\aarc8\documents\github\mdoairb\framework\Optimization\objective_function.py", line 92, in objective_function
    if status == 0:
UnboundLocalError: local variable 'status' referenced before assignment
2021-07-01 10:10:59,032 - c:\users\aarc8\documents\github\mdoairb\framework\Optimization\objective_function     - INFO - Exception ocurred during calculations
2021-07-01 10:10:59,044 - c:\users\aarc8\documents\github\mdoairb\framework\Optimization\objective_function     - INFO - Aircraft not passed sizing and checks, profit: 0
2021-07-01 10:10:59,049 - c:\users\aarc8\documents\github\mdoairb\framework\Optimization\objective_function     - INFO - Network profit excecution time: 0:00:00.041977
2021-07-01 10:10:59,053 - c:\users\aarc8\documents\github\mdoairb\framework\Optimization\objective_function     - INFO - ==== End network profit module ====
2021-07-01 10:10:59,060 - c:\users\aarc8\documents\github\mdoairb\framework\Optimization\objective_function     - INFO - ==== Start network profit module ====
2021-07-01 10:10:59,080 - c:\users\aarc8\documents\github\mdoairb\framework\Optimization\objective_function     - ERROR - >>>>>>>>>> Error at <<<<<<<<<<<< airplane_sizing
Traceback (most recent call last):
  File "c:\users\aarc8\documents\github\mdoairb\framework\Optimization\objective_function.py", line 81, in objective_function
    status, flags, vehicle = airplane_sizing(vehicle,x)
  File "c:\users\aarc8\documents\github\mdoairb\framework\Sizing\airplane_sizing_check.py", line 205, in airplane_sizing
    vehicle = fuselage_cross_section(vehicle)
  File "c:\users\aarc8\documents\github\mdoairb\framework\Sizing\Geometry\fuselage_sizing.py", line 46, in fuselage_cross_section
    seat_cushion_width_YC = fuselage['seat_width']
KeyError: 'seat_width'
2021-07-01 10:10:59,089 - c:\users\aarc8\documents\github\mdoairb\framework\Optimization\objective_function     - ERROR - >>>>>>>>>> Error at <<<<<<<<<<<< objective_function
Traceback (most recent call last):
  File "c:\users\aarc8\documents\github\mdoairb\framework\Optimization\objective_function.py", line 92, in objective_function
    if status == 0:
UnboundLocalError: local variable 'status' referenced before assignment
2021-07-01 10:10:59,103 - c:\users\aarc8\documents\github\mdoairb\framework\Optimization\objective_function     - INFO - Exception ocurred during calculations
2021-07-01 10:10:59,105 - c:\users\aarc8\documents\github\mdoairb\framework\Optimization\objective_function     - INFO - Aircraft not passed sizing and checks, profit: 0
2021-07-01 10:10:59,116 - c:\users\aarc8\documents\github\mdoairb\framework\Optimization\objective_function     - INFO - Network profit excecution time: 0:00:00.048978
2021-07-01 10:10:59,121 - c:\users\aarc8\documents\github\mdoairb\framework\Optimization\objective_function     - INFO - ==== End network profit module ====
2021-07-01 10:10:59,128 - c:\users\aarc8\documents\github\mdoairb\framework\Optimization\objective_function     - INFO - ==== Start network profit module ====
2021-07-01 10:10:59,165 - c:\users\aarc8\documents\github\mdoairb\framework\Optimization\objective_function     - ERROR - >>>>>>>>>> Error at <<<<<<<<<<<< airplane_sizing
Traceback (most recent call last):
  File "c:\users\aarc8\documents\github\mdoairb\framework\Optimization\objective_function.py", line 81, in objective_function
    status, flags, vehicle = airplane_sizing(vehicle,x)
  File "c:\users\aarc8\documents\github\mdoairb\framework\Sizing\airplane_sizing_check.py", line 205, in airplane_sizing
    vehicle = fuselage_cross_section(vehicle)
  File "c:\users\aarc8\documents\github\mdoairb\framework\Sizing\Geometry\fuselage_sizing.py", line 46, in fuselage_cross_section
    seat_cushion_width_YC = fuselage['seat_width']
KeyError: 'seat_width'
2021-07-01 10:10:59,174 - c:\users\aarc8\documents\github\mdoairb\framework\Optimization\objective_function     - ERROR - >>>>>>>>>> Error at <<<<<<<<<<<< objective_function
Traceback (most recent call last):
  File "c:\users\aarc8\documents\github\mdoairb\framework\Optimization\objective_function.py", line 92, in objective_function
    if status == 0:
UnboundLocalError: local variable 'status' referenced before assignment
2021-07-01 10:10:59,187 - c:\users\aarc8\documents\github\mdoairb\framework\Optimization\objective_function     - INFO - Exception ocurred during calculations
2021-07-01 10:10:59,190 - c:\users\aarc8\documents\github\mdoairb\framework\Optimization\objective_function     - INFO - Aircraft not passed sizing and checks, profit: 0
2021-07-01 10:10:59,198 - c:\users\aarc8\documents\github\mdoairb\framework\Optimization\objective_function     - INFO - Network profit excecution time: 0:00:00.062957
2021-07-01 10:10:59,199 - c:\users\aarc8\documents\github\mdoairb\framework\Optimization\objective_function     - INFO - ==== End network profit module ====
2021-07-01 10:10:59,199 - c:\users\aarc8\documents\github\mdoairb\framework\Optimization\objective_function     - INFO - ==== Start network profit module ====
2021-07-01 10:10:59,212 - c:\users\aarc8\documents\github\mdoairb\framework\Optimization\objective_function     - ERROR - >>>>>>>>>> Error at <<<<<<<<<<<< airplane_sizing
Traceback (most recent call last):
  File "c:\users\aarc8\documents\github\mdoairb\framework\Optimization\objective_function.py", line 81, in objective_function
    status, flags, vehicle = airplane_sizing(vehicle,x)
  File "c:\users\aarc8\documents\github\mdoairb\framework\Sizing\airplane_sizing_check.py", line 205, in airplane_sizing
    vehicle = fuselage_cross_section(vehicle)
  File "c:\users\aarc8\documents\github\mdoairb\framework\Sizing\Geometry\fuselage_sizing.py", line 46, in fuselage_cross_section
    seat_cushion_width_YC = fuselage['seat_width']
KeyError: 'seat_width'
2021-07-01 10:10:59,215 - c:\users\aarc8\documents\github\mdoairb\framework\Optimization\objective_function     - ERROR - >>>>>>>>>> Error at <<<<<<<<<<<< objective_function
Traceback (most recent call last):
  File "c:\users\aarc8\documents\github\mdoairb\framework\Optimization\objective_function.py", line 92, in objective_function
    if status == 0:
UnboundLocalError: local variable 'status' referenced before assignment
2021-07-01 10:10:59,217 - c:\users\aarc8\documents\github\mdoairb\framework\Optimization\objective_function     - INFO - Exception ocurred during calculations
2021-07-01 10:10:59,220 - c:\users\aarc8\documents\github\mdoairb\framework\Optimization\objective_function     - INFO - Aircraft not passed sizing and checks, profit: 0
2021-07-01 10:10:59,224 - c:\users\aarc8\documents\github\mdoairb\framework\Optimization\objective_function     - INFO - Network profit excecution time: 0:00:00.023985
2021-07-01 10:10:59,225 - c:\users\aarc8\documents\github\mdoairb\framework\Optimization\objective_function     - INFO - ==== End network profit module ====
